[ 2024-09-24T00:00:08+08:00 ] 135.237.96.68 /
INFO: [ app_begin ] --START--
INFO: ReadHtmlCache Behavior ::run [ RunTime:0.000299s ]
INFO: [ app_begin ] --END-- [ RunTime:0.000392s ]
SQL: SHOW COLUMNS FROM `cv_loanbill` [ RunTime:0.001431s ]
SQL: SHOW COLUMNS FROM `cv_loanorder` [ RunTime:0.000418s ]
SQL: SELECT * FROM `cv_loanbill` WHERE ( `repayment_time` < 1727107208 ) AND ( `status` IN ('0','1') ) AND ( `overdue_settime` < 1727020808 )  [ RunTime:0.000540s ]
SQL: SELECT * FROM `cv_loanbill` WHERE ( `repayment_time` < 1727366408 ) AND ( `status` = 0 ) AND ( `overdue_smsstatus` = 0 )  [ RunTime:0.000214s ]

[ 2024-09-24T00:09:40+08:00 ] 83.97.73.245 /actuator/gateway/routes
INFO: [ route_check ] --START--
INFO: CheckRoute Behavior ::run [ RunTime:0.000424s ]
INFO: [ route_check ] --END-- [ RunTime:0.000514s ]
INFO: [ app_begin ] --START--
INFO: ReadHtmlCache Behavior ::run [ RunTime:0.000269s ]
INFO: [ app_begin ] --END-- [ RunTime:0.000298s ]
ERR: 无法加载模块:actuator

[ 2024-09-24T00:21:45+08:00 ] 45.134.26.70 /clients/MyCRL
INFO: [ route_check ] --START--
INFO: CheckRoute Behavior ::run [ RunTime:0.000401s ]
INFO: [ route_check ] --END-- [ RunTime:0.000483s ]
INFO: [ app_begin ] --START--
INFO: ReadHtmlCache Behavior ::run [ RunTime:0.000261s ]
INFO: [ app_begin ] --END-- [ RunTime:0.000303s ]
ERR: 无法加载模块:clients

[ 2024-09-24T00:21:53+08:00 ] 45.134.26.70 /clients/MyCRL
INFO: [ route_check ] --START--
INFO: CheckRoute Behavior ::run [ RunTime:0.000398s ]
INFO: [ route_check ] --END-- [ RunTime:0.000448s ]
INFO: [ app_begin ] --START--
INFO: ReadHtmlCache Behavior ::run [ RunTime:0.000269s ]
INFO: [ app_begin ] --END-- [ RunTime:0.000300s ]
ERR: 无法加载模块:clients

[ 2024-09-24T00:23:27+08:00 ] 162.216.149.249 /
INFO: [ app_begin ] --START--
INFO: ReadHtmlCache Behavior ::run [ RunTime:0.000293s ]
INFO: [ app_begin ] --END-- [ RunTime:0.000421s ]
SQL: SHOW COLUMNS FROM `cv_loanbill` [ RunTime:0.001345s ]
SQL: SHOW COLUMNS FROM `cv_loanorder` [ RunTime:0.000421s ]
SQL: SELECT * FROM `cv_loanbill` WHERE ( `repayment_time` < 1727108607 ) AND ( `status` IN ('0','1') ) AND ( `overdue_settime` < 1727022207 )  [ RunTime:0.000486s ]
SQL: SELECT * FROM `cv_loanbill` WHERE ( `repayment_time` < 1727367807 ) AND ( `status` = 0 ) AND ( `overdue_smsstatus` = 0 )  [ RunTime:0.000191s ]

[ 2024-09-24T00:28:09+08:00 ] 159.89.13.177 /ab2g
INFO: [ route_check ] --START--
INFO: CheckRoute Behavior ::run [ RunTime:0.000394s ]
INFO: [ route_check ] --END-- [ RunTime:0.000482s ]
INFO: [ app_begin ] --START--
INFO: ReadHtmlCache Behavior ::run [ RunTime:0.000255s ]
INFO: [ app_begin ] --END-- [ RunTime:0.000284s ]
ERR: 无法加载模块:ab2g

[ 2024-09-24T00:28:10+08:00 ] 159.89.13.177 /ab2h
INFO: [ route_check ] --START--
INFO: CheckRoute Behavior ::run [ RunTime:0.000384s ]
INFO: [ route_check ] --END-- [ RunTime:0.000449s ]
INFO: [ app_begin ] --START--
INFO: ReadHtmlCache Behavior ::run [ RunTime:0.000265s ]
INFO: [ app_begin ] --END-- [ RunTime:0.000298s ]
ERR: 无法加载模块:ab2h

[ 2024-09-24T00:28:14+08:00 ] 159.89.13.177 /
INFO: [ app_begin ] --START--
INFO: ReadHtmlCache Behavior ::run [ RunTime:0.000276s ]
INFO: [ app_begin ] --END-- [ RunTime:0.000335s ]
SQL: SHOW COLUMNS FROM `cv_loanbill` [ RunTime:0.001433s ]
SQL: SHOW COLUMNS FROM `cv_loanorder` [ RunTime:0.000418s ]
SQL: SELECT * FROM `cv_loanbill` WHERE ( `repayment_time` < 1727108894 ) AND ( `status` IN ('0','1') ) AND ( `overdue_settime` < 1727022494 )  [ RunTime:0.000494s ]
SQL: SELECT * FROM `cv_loanbill` WHERE ( `repayment_time` < 1727368094 ) AND ( `status` = 0 ) AND ( `overdue_smsstatus` = 0 )  [ RunTime:0.000188s ]

[ 2024-09-24T00:28:15+08:00 ] 159.89.13.177 /t4
INFO: [ route_check ] --START--
INFO: CheckRoute Behavior ::run [ RunTime:0.000367s ]
INFO: [ route_check ] --END-- [ RunTime:0.000419s ]
INFO: [ app_begin ] --START--
INFO: ReadHtmlCache Behavior ::run [ RunTime:0.000254s ]
INFO: [ app_begin ] --END-- [ RunTime:0.000284s ]
ERR: 无法加载模块:t4

[ 2024-09-24T00:28:16+08:00 ] 159.89.13.177 /
INFO: [ app_begin ] --START--
INFO: ReadHtmlCache Behavior ::run [ RunTime:0.000440s ]
INFO: [ app_begin ] --END-- [ RunTime:0.000514s ]
SQL: SHOW COLUMNS FROM `cv_loanbill` [ RunTime:0.000935s ]
SQL: SHOW COLUMNS FROM `cv_loanorder` [ RunTime:0.000509s ]
SQL: SELECT * FROM `cv_loanbill` WHERE ( `repayment_time` < 1727108896 ) AND ( `status` IN ('0','1') ) AND ( `overdue_settime` < 1727022496 )  [ RunTime:0.000394s ]
SQL: SELECT * FROM `cv_loanbill` WHERE ( `repayment_time` < 1727368096 ) AND ( `status` = 0 ) AND ( `overdue_smsstatus` = 0 )  [ RunTime:0.000244s ]

[ 2024-09-24T00:28:17+08:00 ] 159.89.13.177 /teorema505?t=1
INFO: [ route_check ] --START--
INFO: CheckRoute Behavior ::run [ RunTime:0.000512s ]
INFO: [ route_check ] --END-- [ RunTime:0.000588s ]
INFO: [ app_begin ] --START--
INFO: ReadHtmlCache Behavior ::run [ RunTime:0.000312s ]
INFO: [ app_begin ] --END-- [ RunTime:0.000348s ]
ERR: 无法加载模块:teorema505

[ 2024-09-24T01:32:35+08:00 ] 206.168.34.127 /
INFO: [ app_begin ] --START--
INFO: ReadHtmlCache Behavior ::run [ RunTime:0.000306s ]
INFO: [ app_begin ] --END-- [ RunTime:0.000395s ]
SQL: SHOW COLUMNS FROM `cv_loanbill` [ RunTime:0.001364s ]
SQL: SHOW COLUMNS FROM `cv_loanorder` [ RunTime:0.000451s ]
SQL: SELECT * FROM `cv_loanbill` WHERE ( `repayment_time` < 1727112755 ) AND ( `status` IN ('0','1') ) AND ( `overdue_settime` < 1727026355 )  [ RunTime:0.000490s ]
SQL: SELECT * FROM `cv_loanbill` WHERE ( `repayment_time` < 1727371955 ) AND ( `status` = 0 ) AND ( `overdue_smsstatus` = 0 )  [ RunTime:0.000178s ]

[ 2024-09-24T01:32:38+08:00 ] 206.168.34.127 /
INFO: [ app_begin ] --START--
INFO: ReadHtmlCache Behavior ::run [ RunTime:0.000300s ]
INFO: [ app_begin ] --END-- [ RunTime:0.000359s ]
SQL: SHOW COLUMNS FROM `cv_loanbill` [ RunTime:0.000545s ]
SQL: SHOW COLUMNS FROM `cv_loanorder` [ RunTime:0.000464s ]
SQL: SELECT * FROM `cv_loanbill` WHERE ( `repayment_time` < 1727112758 ) AND ( `status` IN ('0','1') ) AND ( `overdue_settime` < 1727026358 )  [ RunTime:0.000269s ]
SQL: SELECT * FROM `cv_loanbill` WHERE ( `repayment_time` < 1727371958 ) AND ( `status` = 0 ) AND ( `overdue_smsstatus` = 0 )  [ RunTime:0.000223s ]

[ 2024-09-24T02:04:01+08:00 ] 71.6.232.28 /
INFO: [ app_begin ] --START--
INFO: ReadHtmlCache Behavior ::run [ RunTime:0.000303s ]
INFO: [ app_begin ] --END-- [ RunTime:0.000399s ]
SQL: SHOW COLUMNS FROM `cv_loanbill` [ RunTime:0.001407s ]
SQL: SHOW COLUMNS FROM `cv_loanorder` [ RunTime:0.000469s ]
SQL: SELECT * FROM `cv_loanbill` WHERE ( `repayment_time` < 1727114641 ) AND ( `status` IN ('0','1') ) AND ( `overdue_settime` < 1727028241 )  [ RunTime:0.000490s ]
SQL: SELECT * FROM `cv_loanbill` WHERE ( `repayment_time` < 1727373841 ) AND ( `status` = 0 ) AND ( `overdue_smsstatus` = 0 )  [ RunTime:0.000195s ]

[ 2024-09-24T02:19:24+08:00 ] 157.245.195.206 /login
INFO: [ route_check ] --START--
INFO: CheckRoute Behavior ::run [ RunTime:0.000414s ]
INFO: [ route_check ] --END-- [ RunTime:0.000508s ]
INFO: [ app_begin ] --START--
INFO: ReadHtmlCache Behavior ::run [ RunTime:0.000268s ]
INFO: [ app_begin ] --END-- [ RunTime:0.000299s ]
ERR: 无法加载模块:login

[ 2024-09-24T04:26:08+08:00 ] 209.38.107.156 /server-status
INFO: [ route_check ] --START--
INFO: CheckRoute Behavior ::run [ RunTime:0.000406s ]
INFO: [ route_check ] --END-- [ RunTime:0.000494s ]
INFO: [ app_begin ] --START--
INFO: ReadHtmlCache Behavior ::run [ RunTime:0.000269s ]
INFO: [ app_begin ] --END-- [ RunTime:0.000297s ]
NOTIC: [8] Undefined variable: group /www/wwwroot/yindu_xjd/Base/Lib/Core/App.class.php 第 102 行.
ERR: 无法加载模块:server-status

[ 2024-09-24T04:50:37+08:00 ] 52.189.75.207 /
INFO: [ app_begin ] --START--
INFO: ReadHtmlCache Behavior ::run [ RunTime:0.000309s ]
INFO: [ app_begin ] --END-- [ RunTime:0.000390s ]
SQL: SHOW COLUMNS FROM `cv_loanbill` [ RunTime:0.001428s ]
SQL: SHOW COLUMNS FROM `cv_loanorder` [ RunTime:0.000603s ]
SQL: SELECT * FROM `cv_loanbill` WHERE ( `repayment_time` < 1727124637 ) AND ( `status` IN ('0','1') ) AND ( `overdue_settime` < 1727038237 )  [ RunTime:0.000605s ]
SQL: SELECT * FROM `cv_loanbill` WHERE ( `repayment_time` < 1727383837 ) AND ( `status` = 0 ) AND ( `overdue_smsstatus` = 0 )  [ RunTime:0.000222s ]

[ 2024-09-24T09:42:21+08:00 ] 45.84.89.3 /
INFO: [ app_begin ] --START--
INFO: ReadHtmlCache Behavior ::run [ RunTime:0.000330s ]
INFO: [ app_begin ] --END-- [ RunTime:0.000469s ]
SQL: SHOW COLUMNS FROM `cv_loanbill` [ RunTime:0.002131s ]
SQL: SHOW COLUMNS FROM `cv_loanorder` [ RunTime:0.000461s ]
SQL: SELECT * FROM `cv_loanbill` WHERE ( `repayment_time` < 1727142141 ) AND ( `status` IN ('0','1') ) AND ( `overdue_settime` < 1727055741 )  [ RunTime:0.000548s ]
SQL: SELECT * FROM `cv_loanbill` WHERE ( `repayment_time` < 1727401341 ) AND ( `status` = 0 ) AND ( `overdue_smsstatus` = 0 )  [ RunTime:0.000373s ]

[ 2024-09-24T10:42:04+08:00 ] 93.159.230.84 /
INFO: [ app_begin ] --START--
INFO: ReadHtmlCache Behavior ::run [ RunTime:0.000308s ]
INFO: [ app_begin ] --END-- [ RunTime:0.000424s ]
SQL: SHOW COLUMNS FROM `cv_loanbill` [ RunTime:0.002269s ]
SQL: SHOW COLUMNS FROM `cv_loanorder` [ RunTime:0.000619s ]
SQL: SELECT * FROM `cv_loanbill` WHERE ( `repayment_time` < 1727145724 ) AND ( `status` IN ('0','1') ) AND ( `overdue_settime` < 1727059324 )  [ RunTime:0.000723s ]
SQL: SELECT * FROM `cv_loanbill` WHERE ( `repayment_time` < 1727404924 ) AND ( `status` = 0 ) AND ( `overdue_smsstatus` = 0 )  [ RunTime:0.000308s ]

[ 2024-09-24T10:45:40+08:00 ] 165.154.119.19 /
INFO: [ app_begin ] --START--
INFO: ReadHtmlCache Behavior ::run [ RunTime:0.000325s ]
INFO: [ app_begin ] --END-- [ RunTime:0.000420s ]
SQL: SHOW COLUMNS FROM `cv_loanbill` [ RunTime:0.001615s ]
SQL: SHOW COLUMNS FROM `cv_loanorder` [ RunTime:0.000434s ]
SQL: SELECT * FROM `cv_loanbill` WHERE ( `repayment_time` < 1727145940 ) AND ( `status` IN ('0','1') ) AND ( `overdue_settime` < 1727059540 )  [ RunTime:0.000566s ]
SQL: SELECT * FROM `cv_loanbill` WHERE ( `repayment_time` < 1727405140 ) AND ( `status` = 0 ) AND ( `overdue_smsstatus` = 0 )  [ RunTime:0.000219s ]

[ 2024-09-24T10:45:41+08:00 ] 165.154.119.19 /robots.txt
INFO: [ route_check ] --START--
INFO: CheckRoute Behavior ::run [ RunTime:0.000493s ]
INFO: [ route_check ] --END-- [ RunTime:0.000555s ]
INFO: [ app_begin ] --START--
INFO: ReadHtmlCache Behavior ::run [ RunTime:0.000306s ]
INFO: [ app_begin ] --END-- [ RunTime:0.000437s ]
NOTIC: [8] Undefined variable: group /www/wwwroot/yindu_xjd/Base/Lib/Core/App.class.php 第 102 行.
ERR: 无法加载模块:robots.txt

[ 2024-09-24T10:45:41+08:00 ] 165.154.119.19 /sitemap.xml
INFO: [ route_check ] --START--
INFO: CheckRoute Behavior ::run [ RunTime:0.000424s ]
INFO: [ route_check ] --END-- [ RunTime:0.000481s ]
INFO: [ app_begin ] --START--
INFO: ReadHtmlCache Behavior ::run [ RunTime:0.000277s ]
INFO: [ app_begin ] --END-- [ RunTime:0.000319s ]
NOTIC: [8] Undefined variable: group /www/wwwroot/yindu_xjd/Base/Lib/Core/App.class.php 第 102 行.
ERR: 无法加载模块:sitemap.xml

[ 2024-09-24T10:59:24+08:00 ] 137.184.15.202 /
INFO: [ app_begin ] --START--
INFO: ReadHtmlCache Behavior ::run [ RunTime:0.000350s ]
INFO: [ app_begin ] --END-- [ RunTime:0.000438s ]
SQL: SHOW COLUMNS FROM `cv_loanbill` [ RunTime:0.003164s ]
SQL: SHOW COLUMNS FROM `cv_loanorder` [ RunTime:0.000461s ]
SQL: SELECT * FROM `cv_loanbill` WHERE ( `repayment_time` < 1727146764 ) AND ( `status` IN ('0','1') ) AND ( `overdue_settime` < 1727060364 )  [ RunTime:0.001002s ]
SQL: SELECT * FROM `cv_loanbill` WHERE ( `repayment_time` < 1727405964 ) AND ( `status` = 0 ) AND ( `overdue_smsstatus` = 0 )  [ RunTime:0.000231s ]

[ 2024-09-24T12:23:51+08:00 ] 162.142.125.203 /
INFO: [ app_begin ] --START--
INFO: ReadHtmlCache Behavior ::run [ RunTime:0.000361s ]
INFO: [ app_begin ] --END-- [ RunTime:0.000502s ]
SQL: SHOW COLUMNS FROM `cv_loanbill` [ RunTime:0.001827s ]
SQL: SHOW COLUMNS FROM `cv_loanorder` [ RunTime:0.000566s ]
SQL: SELECT * FROM `cv_loanbill` WHERE ( `repayment_time` < 1727151831 ) AND ( `status` IN ('0','1') ) AND ( `overdue_settime` < 1727065431 )  [ RunTime:0.000571s ]
SQL: SELECT * FROM `cv_loanbill` WHERE ( `repayment_time` < 1727411031 ) AND ( `status` = 0 ) AND ( `overdue_smsstatus` = 0 )  [ RunTime:0.000227s ]

[ 2024-09-24T12:41:02+08:00 ] 167.94.138.35 /
INFO: [ app_begin ] --START--
INFO: ReadHtmlCache Behavior ::run [ RunTime:0.000344s ]
INFO: [ app_begin ] --END-- [ RunTime:0.000430s ]
SQL: SHOW COLUMNS FROM `cv_loanbill` [ RunTime:0.001695s ]
SQL: SHOW COLUMNS FROM `cv_loanorder` [ RunTime:0.000451s ]
SQL: SELECT * FROM `cv_loanbill` WHERE ( `repayment_time` < 1727152862 ) AND ( `status` IN ('0','1') ) AND ( `overdue_settime` < 1727066462 )  [ RunTime:0.000536s ]
SQL: SELECT * FROM `cv_loanbill` WHERE ( `repayment_time` < 1727412062 ) AND ( `status` = 0 ) AND ( `overdue_smsstatus` = 0 )  [ RunTime:0.000310s ]

[ 2024-09-24T13:13:43+08:00 ] 147.185.133.127 /
INFO: [ app_begin ] --START--
INFO: ReadHtmlCache Behavior ::run [ RunTime:0.000332s ]
INFO: [ app_begin ] --END-- [ RunTime:0.000451s ]
SQL: SHOW COLUMNS FROM `cv_loanbill` [ RunTime:0.001687s ]
SQL: SHOW COLUMNS FROM `cv_loanorder` [ RunTime:0.000493s ]
SQL: SELECT * FROM `cv_loanbill` WHERE ( `repayment_time` < 1727154823 ) AND ( `status` IN ('0','1') ) AND ( `overdue_settime` < 1727068423 )  [ RunTime:0.000523s ]
SQL: SELECT * FROM `cv_loanbill` WHERE ( `repayment_time` < 1727414023 ) AND ( `status` = 0 ) AND ( `overdue_smsstatus` = 0 )  [ RunTime:0.000201s ]

[ 2024-09-24T13:22:32+08:00 ] 167.94.145.100 /
INFO: [ app_begin ] --START--
INFO: ReadHtmlCache Behavior ::run [ RunTime:0.000297s ]
INFO: [ app_begin ] --END-- [ RunTime:0.000389s ]
SQL: SHOW COLUMNS FROM `cv_loanbill` [ RunTime:0.001724s ]
SQL: SHOW COLUMNS FROM `cv_loanorder` [ RunTime:0.000485s ]
SQL: SELECT * FROM `cv_loanbill` WHERE ( `repayment_time` < 1727155352 ) AND ( `status` IN ('0','1') ) AND ( `overdue_settime` < 1727068952 )  [ RunTime:0.000513s ]
SQL: SELECT * FROM `cv_loanbill` WHERE ( `repayment_time` < 1727414552 ) AND ( `status` = 0 ) AND ( `overdue_smsstatus` = 0 )  [ RunTime:0.000281s ]

[ 2024-09-24T13:22:36+08:00 ] 167.94.145.100 /
INFO: [ app_begin ] --START--
INFO: ReadHtmlCache Behavior ::run [ RunTime:0.000283s ]
INFO: [ app_begin ] --END-- [ RunTime:0.000339s ]
SQL: SHOW COLUMNS FROM `cv_loanbill` [ RunTime:0.000816s ]
SQL: SHOW COLUMNS FROM `cv_loanorder` [ RunTime:0.000389s ]
SQL: SELECT * FROM `cv_loanbill` WHERE ( `repayment_time` < 1727155356 ) AND ( `status` IN ('0','1') ) AND ( `overdue_settime` < 1727068956 )  [ RunTime:0.000312s ]
SQL: SELECT * FROM `cv_loanbill` WHERE ( `repayment_time` < 1727414556 ) AND ( `status` = 0 ) AND ( `overdue_smsstatus` = 0 )  [ RunTime:0.000199s ]

[ 2024-09-24T13:28:29+08:00 ] 36.156.22.4 /
INFO: [ app_begin ] --START--
INFO: ReadHtmlCache Behavior ::run [ RunTime:0.000431s ]
INFO: [ app_begin ] --END-- [ RunTime:0.000526s ]
SQL: SHOW COLUMNS FROM `cv_loanbill` [ RunTime:0.001666s ]
SQL: SHOW COLUMNS FROM `cv_loanorder` [ RunTime:0.000487s ]
SQL: SELECT * FROM `cv_loanbill` WHERE ( `repayment_time` < 1727155709 ) AND ( `status` IN ('0','1') ) AND ( `overdue_settime` < 1727069309 )  [ RunTime:0.000530s ]
SQL: SELECT * FROM `cv_loanbill` WHERE ( `repayment_time` < 1727414909 ) AND ( `status` = 0 ) AND ( `overdue_smsstatus` = 0 )  [ RunTime:0.000201s ]

[ 2024-09-24T13:28:34+08:00 ] 36.156.22.4 /robots.txt
INFO: [ route_check ] --START--
INFO: CheckRoute Behavior ::run [ RunTime:0.000502s ]
INFO: [ route_check ] --END-- [ RunTime:0.000581s ]
INFO: [ app_begin ] --START--
INFO: ReadHtmlCache Behavior ::run [ RunTime:0.000398s ]
INFO: [ app_begin ] --END-- [ RunTime:0.000447s ]
NOTIC: [8] Undefined variable: group /www/wwwroot/yindu_xjd/Base/Lib/Core/App.class.php 第 102 行.
ERR: 无法加载模块:robots.txt

[ 2024-09-24T13:51:07+08:00 ] 135.237.96.68 /
INFO: [ app_begin ] --START--
INFO: ReadHtmlCache Behavior ::run [ RunTime:0.000340s ]
INFO: [ app_begin ] --END-- [ RunTime:0.000444s ]
SQL: SHOW COLUMNS FROM `cv_loanbill` [ RunTime:0.001616s ]
SQL: SHOW COLUMNS FROM `cv_loanorder` [ RunTime:0.000391s ]
SQL: SELECT * FROM `cv_loanbill` WHERE ( `repayment_time` < 1727157067 ) AND ( `status` IN ('0','1') ) AND ( `overdue_settime` < 1727070667 )  [ RunTime:0.000496s ]
SQL: SELECT * FROM `cv_loanbill` WHERE ( `repayment_time` < 1727416267 ) AND ( `status` = 0 ) AND ( `overdue_smsstatus` = 0 )  [ RunTime:0.000219s ]

[ 2024-09-24T13:54:40+08:00 ] 89.248.168.227 /
INFO: [ app_begin ] --START--
INFO: ReadHtmlCache Behavior ::run [ RunTime:0.000320s ]
INFO: [ app_begin ] --END-- [ RunTime:0.000437s ]
SQL: SHOW COLUMNS FROM `cv_loanbill` [ RunTime:0.001566s ]
SQL: SHOW COLUMNS FROM `cv_loanorder` [ RunTime:0.000473s ]
SQL: SELECT * FROM `cv_loanbill` WHERE ( `repayment_time` < 1727157280 ) AND ( `status` IN ('0','1') ) AND ( `overdue_settime` < 1727070880 )  [ RunTime:0.000560s ]
SQL: SELECT * FROM `cv_loanbill` WHERE ( `repayment_time` < 1727416480 ) AND ( `status` = 0 ) AND ( `overdue_smsstatus` = 0 )  [ RunTime:0.000237s ]

[ 2024-09-24T14:18:31+08:00 ] 162.216.150.127 /
INFO: [ app_begin ] --START--
INFO: ReadHtmlCache Behavior ::run [ RunTime:0.000333s ]
INFO: [ app_begin ] --END-- [ RunTime:0.000426s ]
SQL: SHOW COLUMNS FROM `cv_loanbill` [ RunTime:0.001600s ]
SQL: SHOW COLUMNS FROM `cv_loanorder` [ RunTime:0.000536s ]
SQL: SELECT * FROM `cv_loanbill` WHERE ( `repayment_time` < 1727158711 ) AND ( `status` IN ('0','1') ) AND ( `overdue_settime` < 1727072311 )  [ RunTime:0.000553s ]
SQL: SELECT * FROM `cv_loanbill` WHERE ( `repayment_time` < 1727417911 ) AND ( `status` = 0 ) AND ( `overdue_smsstatus` = 0 )  [ RunTime:0.000242s ]

[ 2024-09-24T14:24:28+08:00 ] 34.140.203.88 /
INFO: [ app_begin ] --START--
INFO: ReadHtmlCache Behavior ::run [ RunTime:0.000304s ]
INFO: [ app_begin ] --END-- [ RunTime:0.000392s ]
SQL: SHOW COLUMNS FROM `cv_loanbill` [ RunTime:0.001512s ]
SQL: SHOW COLUMNS FROM `cv_loanorder` [ RunTime:0.000430s ]
SQL: SELECT * FROM `cv_loanbill` WHERE ( `repayment_time` < 1727159068 ) AND ( `status` IN ('0','1') ) AND ( `overdue_settime` < 1727072668 )  [ RunTime:0.000603s ]
SQL: SELECT * FROM `cv_loanbill` WHERE ( `repayment_time` < 1727418268 ) AND ( `status` = 0 ) AND ( `overdue_smsstatus` = 0 )  [ RunTime:0.000185s ]

[ 2024-09-24T15:23:21+08:00 ] 138.246.253.24 /robots.txt
INFO: [ route_check ] --START--
INFO: CheckRoute Behavior ::run [ RunTime:0.000471s ]
INFO: [ route_check ] --END-- [ RunTime:0.000566s ]
INFO: [ app_begin ] --START--
INFO: ReadHtmlCache Behavior ::run [ RunTime:0.000274s ]
INFO: [ app_begin ] --END-- [ RunTime:0.000316s ]
NOTIC: [8] Undefined variable: group /www/wwwroot/yindu_xjd/Base/Lib/Core/App.class.php 第 102 行.
ERR: 无法加载模块:robots.txt

[ 2024-09-24T15:33:13+08:00 ] 209.38.209.54 /
INFO: [ app_begin ] --START--
INFO: ReadHtmlCache Behavior ::run [ RunTime:0.000487s ]
INFO: [ app_begin ] --END-- [ RunTime:0.000630s ]
SQL: SHOW COLUMNS FROM `cv_loanbill` [ RunTime:0.002054s ]
SQL: SHOW COLUMNS FROM `cv_loanorder` [ RunTime:0.000615s ]
SQL: SELECT * FROM `cv_loanbill` WHERE ( `repayment_time` < 1727163193 ) AND ( `status` IN ('0','1') ) AND ( `overdue_settime` < 1727076793 )  [ RunTime:0.000666s ]
SQL: SELECT * FROM `cv_loanbill` WHERE ( `repayment_time` < 1727422393 ) AND ( `status` = 0 ) AND ( `overdue_smsstatus` = 0 )  [ RunTime:0.000273s ]

[ 2024-09-24T15:54:25+08:00 ] 139.59.70.52 /ab2g
INFO: [ route_check ] --START--
INFO: CheckRoute Behavior ::run [ RunTime:0.000642s ]
INFO: [ route_check ] --END-- [ RunTime:0.000772s ]
INFO: [ app_begin ] --START--
INFO: ReadHtmlCache Behavior ::run [ RunTime:0.000338s ]
INFO: [ app_begin ] --END-- [ RunTime:0.000382s ]
ERR: 无法加载模块:ab2g

[ 2024-09-24T15:54:26+08:00 ] 139.59.70.52 /ab2h
INFO: [ route_check ] --START--
INFO: CheckRoute Behavior ::run [ RunTime:0.000432s ]
INFO: [ route_check ] --END-- [ RunTime:0.000511s ]
INFO: [ app_begin ] --START--
INFO: ReadHtmlCache Behavior ::run [ RunTime:0.000278s ]
INFO: [ app_begin ] --END-- [ RunTime:0.000321s ]
ERR: 无法加载模块:ab2h

[ 2024-09-24T15:54:34+08:00 ] 139.59.70.52 /
INFO: [ app_begin ] --START--
INFO: ReadHtmlCache Behavior ::run [ RunTime:0.000307s ]
INFO: [ app_begin ] --END-- [ RunTime:0.000367s ]
SQL: SHOW COLUMNS FROM `cv_loanbill` [ RunTime:0.001575s ]
SQL: SHOW COLUMNS FROM `cv_loanorder` [ RunTime:0.000376s ]
SQL: SELECT * FROM `cv_loanbill` WHERE ( `repayment_time` < 1727164474 ) AND ( `status` IN ('0','1') ) AND ( `overdue_settime` < 1727078074 )  [ RunTime:0.000601s ]
SQL: SELECT * FROM `cv_loanbill` WHERE ( `repayment_time` < 1727423674 ) AND ( `status` = 0 ) AND ( `overdue_smsstatus` = 0 )  [ RunTime:0.000187s ]

[ 2024-09-24T15:54:35+08:00 ] 139.59.70.52 /t4
INFO: [ route_check ] --START--
INFO: CheckRoute Behavior ::run [ RunTime:0.000517s ]
INFO: [ route_check ] --END-- [ RunTime:0.000585s ]
INFO: [ app_begin ] --START--
INFO: ReadHtmlCache Behavior ::run [ RunTime:0.000328s ]
INFO: [ app_begin ] --END-- [ RunTime:0.000423s ]
ERR: 无法加载模块:t4

[ 2024-09-24T15:54:38+08:00 ] 139.59.70.52 /
INFO: [ app_begin ] --START--
INFO: ReadHtmlCache Behavior ::run [ RunTime:0.000286s ]
INFO: [ app_begin ] --END-- [ RunTime:0.000338s ]
SQL: SHOW COLUMNS FROM `cv_loanbill` [ RunTime:0.000648s ]
SQL: SHOW COLUMNS FROM `cv_loanorder` [ RunTime:0.000448s ]
SQL: SELECT * FROM `cv_loanbill` WHERE ( `repayment_time` < 1727164478 ) AND ( `status` IN ('0','1') ) AND ( `overdue_settime` < 1727078078 )  [ RunTime:0.000271s ]
SQL: SELECT * FROM `cv_loanbill` WHERE ( `repayment_time` < 1727423678 ) AND ( `status` = 0 ) AND ( `overdue_smsstatus` = 0 )  [ RunTime:0.000170s ]

[ 2024-09-24T15:54:39+08:00 ] 139.59.70.52 /teorema505?t=1
INFO: [ route_check ] --START--
INFO: CheckRoute Behavior ::run [ RunTime:0.000453s ]
INFO: [ route_check ] --END-- [ RunTime:0.000517s ]
INFO: [ app_begin ] --START--
INFO: ReadHtmlCache Behavior ::run [ RunTime:0.000379s ]
INFO: [ app_begin ] --END-- [ RunTime:0.000423s ]
ERR: 无法加载模块:teorema505

[ 2024-09-24T16:02:47+08:00 ] 198.235.24.249 /
INFO: [ app_begin ] --START--
INFO: ReadHtmlCache Behavior ::run [ RunTime:0.000374s ]
INFO: [ app_begin ] --END-- [ RunTime:0.000478s ]
SQL: SHOW COLUMNS FROM `cv_loanbill` [ RunTime:0.001514s ]
SQL: SHOW COLUMNS FROM `cv_loanorder` [ RunTime:0.000486s ]
SQL: SELECT * FROM `cv_loanbill` WHERE ( `repayment_time` < 1727164967 ) AND ( `status` IN ('0','1') ) AND ( `overdue_settime` < 1727078567 )  [ RunTime:0.000536s ]
SQL: SELECT * FROM `cv_loanbill` WHERE ( `repayment_time` < 1727424167 ) AND ( `status` = 0 ) AND ( `overdue_smsstatus` = 0 )  [ RunTime:0.000243s ]

[ 2024-09-24T17:31:51+08:00 ] 64.62.197.78 /
INFO: [ app_begin ] --START--
INFO: ReadHtmlCache Behavior ::run [ RunTime:0.000359s ]
INFO: [ app_begin ] --END-- [ RunTime:0.000547s ]
SQL: SHOW COLUMNS FROM `cv_loanbill` [ RunTime:0.003483s ]
SQL: SHOW COLUMNS FROM `cv_loanorder` [ RunTime:0.000495s ]
SQL: SELECT * FROM `cv_loanbill` WHERE ( `repayment_time` < 1727170311 ) AND ( `status` IN ('0','1') ) AND ( `overdue_settime` < 1727083911 )  [ RunTime:0.000984s ]
SQL: SELECT * FROM `cv_loanbill` WHERE ( `repayment_time` < 1727429511 ) AND ( `status` = 0 ) AND ( `overdue_smsstatus` = 0 )  [ RunTime:0.000250s ]

[ 2024-09-24T17:35:44+08:00 ] 64.62.197.90 /webui/
INFO: [ route_check ] --START--
INFO: CheckRoute Behavior ::run [ RunTime:0.000420s ]
INFO: [ route_check ] --END-- [ RunTime:0.000512s ]
INFO: [ app_begin ] --START--
INFO: ReadHtmlCache Behavior ::run [ RunTime:0.000276s ]
INFO: [ app_begin ] --END-- [ RunTime:0.000304s ]
ERR: 无法加载模块:webui

[ 2024-09-24T17:40:30+08:00 ] 64.62.197.83 /
INFO: [ app_begin ] --START--
INFO: ReadHtmlCache Behavior ::run [ RunTime:0.000327s ]
INFO: [ app_begin ] --END-- [ RunTime:0.000418s ]
SQL: SHOW COLUMNS FROM `cv_loanbill` [ RunTime:0.002755s ]
SQL: SHOW COLUMNS FROM `cv_loanorder` [ RunTime:0.000484s ]
SQL: SELECT * FROM `cv_loanbill` WHERE ( `repayment_time` < 1727170830 ) AND ( `status` IN ('0','1') ) AND ( `overdue_settime` < 1727084430 )  [ RunTime:0.000478s ]
SQL: SELECT * FROM `cv_loanbill` WHERE ( `repayment_time` < 1727430030 ) AND ( `status` = 0 ) AND ( `overdue_smsstatus` = 0 )  [ RunTime:0.000181s ]

[ 2024-09-24T17:44:01+08:00 ] 64.62.197.85 /geoserver/web/
INFO: [ route_check ] --START--
INFO: CheckRoute Behavior ::run [ RunTime:0.000451s ]
INFO: [ route_check ] --END-- [ RunTime:0.000547s ]
INFO: [ app_begin ] --START--
INFO: ReadHtmlCache Behavior ::run [ RunTime:0.000279s ]
INFO: [ app_begin ] --END-- [ RunTime:0.000308s ]
ERR: 无法加载模块:geoserver

[ 2024-09-24T17:57:16+08:00 ] 136.158.58.101 /Index/languages
INFO: [ route_check ] --START--
INFO: CheckRoute Behavior ::run [ RunTime:0.000461s ]
INFO: [ route_check ] --END-- [ RunTime:0.000557s ]
INFO: [ app_begin ] --START--
INFO: ReadHtmlCache Behavior ::run [ RunTime:0.000277s ]
INFO: [ app_begin ] --END-- [ RunTime:0.000309s ]
SQL: SHOW COLUMNS FROM `cv_loanbill` [ RunTime:0.001623s ]
SQL: SHOW COLUMNS FROM `cv_loanorder` [ RunTime:0.000453s ]
SQL: SELECT * FROM `cv_loanbill` WHERE ( `repayment_time` < 1727171836 ) AND ( `status` IN ('0','1') ) AND ( `overdue_settime` < 1727085436 )  [ RunTime:0.000517s ]
SQL: SELECT * FROM `cv_loanbill` WHERE ( `repayment_time` < 1727431036 ) AND ( `status` = 0 ) AND ( `overdue_smsstatus` = 0 )  [ RunTime:0.000214s ]

[ 2024-09-24T17:57:19+08:00 ] 136.158.58.101 /Index/settarget
INFO: [ route_check ] --START--
INFO: CheckRoute Behavior ::run [ RunTime:0.000443s ]
INFO: [ route_check ] --END-- [ RunTime:0.000509s ]
INFO: [ app_begin ] --START--
INFO: ReadHtmlCache Behavior ::run [ RunTime:0.000287s ]
INFO: [ app_begin ] --END-- [ RunTime:0.000330s ]
SQL: SHOW COLUMNS FROM `cv_loanbill` [ RunTime:0.000756s ]
SQL: SHOW COLUMNS FROM `cv_loanorder` [ RunTime:0.000580s ]
SQL: SELECT * FROM `cv_loanbill` WHERE ( `repayment_time` < 1727171839 ) AND ( `status` IN ('0','1') ) AND ( `overdue_settime` < 1727085439 )  [ RunTime:0.000372s ]
SQL: SELECT * FROM `cv_loanbill` WHERE ( `repayment_time` < 1727431039 ) AND ( `status` = 0 ) AND ( `overdue_smsstatus` = 0 )  [ RunTime:0.000176s ]

[ 2024-09-24T17:57:19+08:00 ] 136.158.58.101 /Repay/loans
INFO: [ route_check ] --START--
INFO: CheckRoute Behavior ::run [ RunTime:0.000396s ]
INFO: [ route_check ] --END-- [ RunTime:0.000448s ]
INFO: [ app_begin ] --START--
INFO: ReadHtmlCache Behavior ::run [ RunTime:0.000261s ]
INFO: [ app_begin ] --END-- [ RunTime:0.000290s ]
SQL: SHOW COLUMNS FROM `cv_loanbill` [ RunTime:0.000621s ]
SQL: SHOW COLUMNS FROM `cv_loanorder` [ RunTime:0.000422s ]
SQL: SELECT * FROM `cv_loanbill` WHERE ( `repayment_time` < 1727171839 ) AND ( `status` IN ('0','1') ) AND ( `overdue_settime` < 1727085439 )  [ RunTime:0.000298s ]
SQL: SELECT * FROM `cv_loanbill` WHERE ( `repayment_time` < 1727431039 ) AND ( `status` = 0 ) AND ( `overdue_smsstatus` = 0 )  [ RunTime:0.000173s ]
SQL: SHOW COLUMNS FROM `cv_user` [ RunTime:0.000356s ]
SQL: SHOW COLUMNS FROM `cv_user` [ RunTime:0.000216s ]
SQL: SELECT * FROM `cv_user` WHERE ( `id` = 213 ) LIMIT 1   [ RunTime:0.000259s ]
SQL: SELECT * FROM `cv_user` WHERE ( `id` = 213 ) LIMIT 1   [ RunTime:0.000117s ]
SQL: SELECT `status`,`id`,`toid`,`oid`,`delay`,`delay_day`,`repay_interest`,`repayment_time`,`add_time`,`money` FROM `cv_loanbill` WHERE ( `uid` = 213 ) AND ( `status` IN ('0','1','4','5','6','-4') ) ORDER BY repayment_time DESC LIMIT 1   [ RunTime:0.000480s ]
SQL: SELECT * FROM `cv_loanorder` WHERE ( `id` = 225 ) AND ( `uid` = 213 ) LIMIT 1   [ RunTime:0.000258s ]

[ 2024-09-24T17:57:19+08:00 ] 136.158.58.101 /Index/settarget
INFO: [ route_check ] --START--
INFO: CheckRoute Behavior ::run [ RunTime:0.000411s ]
INFO: [ route_check ] --END-- [ RunTime:0.000459s ]
INFO: [ app_begin ] --START--
INFO: ReadHtmlCache Behavior ::run [ RunTime:0.000270s ]
INFO: [ app_begin ] --END-- [ RunTime:0.000302s ]
SQL: SHOW COLUMNS FROM `cv_loanbill` [ RunTime:0.000519s ]
SQL: SHOW COLUMNS FROM `cv_loanorder` [ RunTime:0.000357s ]
SQL: SELECT * FROM `cv_loanbill` WHERE ( `repayment_time` < 1727171839 ) AND ( `status` IN ('0','1') ) AND ( `overdue_settime` < 1727085439 )  [ RunTime:0.000261s ]
SQL: SELECT * FROM `cv_loanbill` WHERE ( `repayment_time` < 1727431039 ) AND ( `status` = 0 ) AND ( `overdue_smsstatus` = 0 )  [ RunTime:0.000161s ]

[ 2024-09-24T17:57:19+08:00 ] 136.158.58.101 /Repay/orders
INFO: [ route_check ] --START--
INFO: CheckRoute Behavior ::run [ RunTime:0.000474s ]
INFO: [ route_check ] --END-- [ RunTime:0.000554s ]
INFO: [ app_begin ] --START--
INFO: ReadHtmlCache Behavior ::run [ RunTime:0.000281s ]
INFO: [ app_begin ] --END-- [ RunTime:0.000327s ]
SQL: SHOW COLUMNS FROM `cv_loanbill` [ RunTime:0.000806s ]
SQL: SHOW COLUMNS FROM `cv_loanorder` [ RunTime:0.000438s ]
SQL: SELECT * FROM `cv_loanbill` WHERE ( `repayment_time` < 1727171839 ) AND ( `status` IN ('0','1') ) AND ( `overdue_settime` < 1727085439 )  [ RunTime:0.000282s ]
SQL: SELECT * FROM `cv_loanbill` WHERE ( `repayment_time` < 1727431039 ) AND ( `status` = 0 ) AND ( `overdue_smsstatus` = 0 )  [ RunTime:0.000181s ]
SQL: SHOW COLUMNS FROM `cv_user` [ RunTime:0.000246s ]
SQL: SELECT * FROM `cv_user` WHERE ( `id` = 213 ) LIMIT 1   [ RunTime:0.000163s ]
SQL: SELECT * FROM `cv_loanorder` WHERE ( `uid` = 213 ) AND ( `pending` IN ('1') ) ORDER BY start_time desc,add_time desc LIMIT 0,100   [ RunTime:0.000358s ]

[ 2024-09-24T18:02:21+08:00 ] 123.160.223.75 /
INFO: [ app_begin ] --START--
INFO: ReadHtmlCache Behavior ::run [ RunTime:0.000307s ]
INFO: [ app_begin ] --END-- [ RunTime:0.000388s ]
SQL: SHOW COLUMNS FROM `cv_loanbill` [ RunTime:0.001412s ]
SQL: SHOW COLUMNS FROM `cv_loanorder` [ RunTime:0.000424s ]
SQL: SELECT * FROM `cv_loanbill` WHERE ( `repayment_time` < 1727172141 ) AND ( `status` IN ('0','1') ) AND ( `overdue_settime` < 1727085741 )  [ RunTime:0.000494s ]
SQL: SELECT * FROM `cv_loanbill` WHERE ( `repayment_time` < 1727431341 ) AND ( `status` = 0 ) AND ( `overdue_smsstatus` = 0 )  [ RunTime:0.000187s ]

[ 2024-09-24T19:09:13+08:00 ] 136.158.58.101 /Index/settarget
INFO: [ route_check ] --START--
INFO: CheckRoute Behavior ::run [ RunTime:0.000416s ]
INFO: [ route_check ] --END-- [ RunTime:0.000500s ]
INFO: [ app_begin ] --START--
INFO: ReadHtmlCache Behavior ::run [ RunTime:0.000269s ]
INFO: [ app_begin ] --END-- [ RunTime:0.000300s ]
SQL: SHOW COLUMNS FROM `cv_loanbill` [ RunTime:0.001436s ]
SQL: SHOW COLUMNS FROM `cv_loanorder` [ RunTime:0.000403s ]
SQL: SELECT * FROM `cv_loanbill` WHERE ( `repayment_time` < 1727176153 ) AND ( `status` IN ('0','1') ) AND ( `overdue_settime` < 1727089753 )  [ RunTime:0.000539s ]
SQL: SELECT * FROM `cv_loanbill` WHERE ( `repayment_time` < 1727435353 ) AND ( `status` = 0 ) AND ( `overdue_smsstatus` = 0 )  [ RunTime:0.000182s ]

[ 2024-09-24T19:09:13+08:00 ] 136.158.58.101 /Repay/loans
INFO: [ route_check ] --START--
INFO: CheckRoute Behavior ::run [ RunTime:0.000420s ]
INFO: [ route_check ] --END-- [ RunTime:0.000470s ]
INFO: [ app_begin ] --START--
INFO: ReadHtmlCache Behavior ::run [ RunTime:0.000254s ]
INFO: [ app_begin ] --END-- [ RunTime:0.000285s ]
SQL: SHOW COLUMNS FROM `cv_loanbill` [ RunTime:0.000510s ]
SQL: SHOW COLUMNS FROM `cv_loanorder` [ RunTime:0.000339s ]
SQL: SELECT * FROM `cv_loanbill` WHERE ( `repayment_time` < 1727176153 ) AND ( `status` IN ('0','1') ) AND ( `overdue_settime` < 1727089753 )  [ RunTime:0.000229s ]
SQL: SELECT * FROM `cv_loanbill` WHERE ( `repayment_time` < 1727435353 ) AND ( `status` = 0 ) AND ( `overdue_smsstatus` = 0 )  [ RunTime:0.000147s ]
SQL: SHOW COLUMNS FROM `cv_user` [ RunTime:0.000322s ]
SQL: SHOW COLUMNS FROM `cv_user` [ RunTime:0.000209s ]
SQL: SELECT * FROM `cv_user` WHERE ( `id` = 213 ) LIMIT 1   [ RunTime:0.000195s ]
SQL: SELECT * FROM `cv_user` WHERE ( `id` = 213 ) LIMIT 1   [ RunTime:0.000095s ]
SQL: SELECT `status`,`id`,`toid`,`oid`,`delay`,`delay_day`,`repay_interest`,`repayment_time`,`add_time`,`money` FROM `cv_loanbill` WHERE ( `uid` = 213 ) AND ( `status` IN ('0','1','4','5','6','-4') ) ORDER BY repayment_time DESC LIMIT 1   [ RunTime:0.000314s ]
SQL: SELECT * FROM `cv_loanorder` WHERE ( `id` = 225 ) AND ( `uid` = 213 ) LIMIT 1   [ RunTime:0.000179s ]

[ 2024-09-24T19:12:01+08:00 ] 136.158.58.101 /Index/languages
INFO: [ route_check ] --START--
INFO: CheckRoute Behavior ::run [ RunTime:0.000394s ]
INFO: [ route_check ] --END-- [ RunTime:0.000478s ]
INFO: [ app_begin ] --START--
INFO: ReadHtmlCache Behavior ::run [ RunTime:0.000259s ]
INFO: [ app_begin ] --END-- [ RunTime:0.000289s ]
SQL: SHOW COLUMNS FROM `cv_loanbill` [ RunTime:0.001430s ]
SQL: SHOW COLUMNS FROM `cv_loanorder` [ RunTime:0.000376s ]
SQL: SELECT * FROM `cv_loanbill` WHERE ( `repayment_time` < 1727176321 ) AND ( `status` IN ('0','1') ) AND ( `overdue_settime` < 1727089921 )  [ RunTime:0.000513s ]
SQL: SELECT * FROM `cv_loanbill` WHERE ( `repayment_time` < 1727435521 ) AND ( `status` = 0 ) AND ( `overdue_smsstatus` = 0 )  [ RunTime:0.000177s ]

[ 2024-09-24T19:12:04+08:00 ] 136.158.58.101 /Index/settarget
INFO: [ route_check ] --START--
INFO: CheckRoute Behavior ::run [ RunTime:0.000380s ]
INFO: [ route_check ] --END-- [ RunTime:0.000430s ]
INFO: [ app_begin ] --START--
INFO: ReadHtmlCache Behavior ::run [ RunTime:0.000285s ]
INFO: [ app_begin ] --END-- [ RunTime:0.000320s ]
SQL: SHOW COLUMNS FROM `cv_loanbill` [ RunTime:0.000683s ]
SQL: SHOW COLUMNS FROM `cv_loanorder` [ RunTime:0.000437s ]
SQL: SELECT * FROM `cv_loanbill` WHERE ( `repayment_time` < 1727176324 ) AND ( `status` IN ('0','1') ) AND ( `overdue_settime` < 1727089924 )  [ RunTime:0.000319s ]
SQL: SELECT * FROM `cv_loanbill` WHERE ( `repayment_time` < 1727435524 ) AND ( `status` = 0 ) AND ( `overdue_smsstatus` = 0 )  [ RunTime:0.000193s ]

[ 2024-09-24T19:12:04+08:00 ] 136.158.58.101 /Repay/loans
INFO: [ route_check ] --START--
INFO: CheckRoute Behavior ::run [ RunTime:0.000379s ]
INFO: [ route_check ] --END-- [ RunTime:0.000435s ]
INFO: [ app_begin ] --START--
INFO: ReadHtmlCache Behavior ::run [ RunTime:0.000272s ]
INFO: [ app_begin ] --END-- [ RunTime:0.000312s ]
SQL: SHOW COLUMNS FROM `cv_loanbill` [ RunTime:0.000657s ]
SQL: SHOW COLUMNS FROM `cv_loanorder` [ RunTime:0.000421s ]
SQL: SELECT * FROM `cv_loanbill` WHERE ( `repayment_time` < 1727176324 ) AND ( `status` IN ('0','1') ) AND ( `overdue_settime` < 1727089924 )  [ RunTime:0.000266s ]
SQL: SELECT * FROM `cv_loanbill` WHERE ( `repayment_time` < 1727435524 ) AND ( `status` = 0 ) AND ( `overdue_smsstatus` = 0 )  [ RunTime:0.000183s ]
SQL: SHOW COLUMNS FROM `cv_user` [ RunTime:0.000327s ]
SQL: SHOW COLUMNS FROM `cv_user` [ RunTime:0.000252s ]
SQL: SELECT * FROM `cv_user` WHERE ( `id` = 213 ) LIMIT 1   [ RunTime:0.000248s ]
SQL: SELECT * FROM `cv_user` WHERE ( `id` = 213 ) LIMIT 1   [ RunTime:0.000160s ]
SQL: SELECT `status`,`id`,`toid`,`oid`,`delay`,`delay_day`,`repay_interest`,`repayment_time`,`add_time`,`money` FROM `cv_loanbill` WHERE ( `uid` = 213 ) AND ( `status` IN ('0','1','4','5','6','-4') ) ORDER BY repayment_time DESC LIMIT 1   [ RunTime:0.000359s ]
SQL: SELECT * FROM `cv_loanorder` WHERE ( `id` = 225 ) AND ( `uid` = 213 ) LIMIT 1   [ RunTime:0.000224s ]

[ 2024-09-24T19:12:04+08:00 ] 136.158.58.101 /Index/settarget
INFO: [ route_check ] --START--
INFO: CheckRoute Behavior ::run [ RunTime:0.000393s ]
INFO: [ route_check ] --END-- [ RunTime:0.000453s ]
INFO: [ app_begin ] --START--
INFO: ReadHtmlCache Behavior ::run [ RunTime:0.000270s ]
INFO: [ app_begin ] --END-- [ RunTime:0.000300s ]
SQL: SHOW COLUMNS FROM `cv_loanbill` [ RunTime:0.000495s ]
SQL: SHOW COLUMNS FROM `cv_loanorder` [ RunTime:0.000362s ]
SQL: SELECT * FROM `cv_loanbill` WHERE ( `repayment_time` < 1727176324 ) AND ( `status` IN ('0','1') ) AND ( `overdue_settime` < 1727089924 )  [ RunTime:0.000218s ]
SQL: SELECT * FROM `cv_loanbill` WHERE ( `repayment_time` < 1727435524 ) AND ( `status` = 0 ) AND ( `overdue_smsstatus` = 0 )  [ RunTime:0.000138s ]

[ 2024-09-24T19:12:04+08:00 ] 136.158.58.101 /Repay/orders
INFO: [ route_check ] --START--
INFO: CheckRoute Behavior ::run [ RunTime:0.000378s ]
INFO: [ route_check ] --END-- [ RunTime:0.000425s ]
INFO: [ app_begin ] --START--
INFO: ReadHtmlCache Behavior ::run [ RunTime:0.000261s ]
INFO: [ app_begin ] --END-- [ RunTime:0.000291s ]
SQL: SHOW COLUMNS FROM `cv_loanbill` [ RunTime:0.000518s ]
SQL: SHOW COLUMNS FROM `cv_loanorder` [ RunTime:0.000345s ]
SQL: SELECT * FROM `cv_loanbill` WHERE ( `repayment_time` < 1727176324 ) AND ( `status` IN ('0','1') ) AND ( `overdue_settime` < 1727089924 )  [ RunTime:0.000244s ]
SQL: SELECT * FROM `cv_loanbill` WHERE ( `repayment_time` < 1727435524 ) AND ( `status` = 0 ) AND ( `overdue_smsstatus` = 0 )  [ RunTime:0.000158s ]
SQL: SHOW COLUMNS FROM `cv_user` [ RunTime:0.000261s ]
SQL: SELECT * FROM `cv_user` WHERE ( `id` = 213 ) LIMIT 1   [ RunTime:0.000160s ]
SQL: SELECT * FROM `cv_loanorder` WHERE ( `uid` = 213 ) AND ( `pending` IN ('1') ) ORDER BY start_time desc,add_time desc LIMIT 0,100   [ RunTime:0.000294s ]

[ 2024-09-24T19:20:58+08:00 ] 136.158.58.101 /Index/languages
INFO: [ route_check ] --START--
INFO: CheckRoute Behavior ::run [ RunTime:0.000435s ]
INFO: [ route_check ] --END-- [ RunTime:0.000525s ]
INFO: [ app_begin ] --START--
INFO: ReadHtmlCache Behavior ::run [ RunTime:0.000283s ]
INFO: [ app_begin ] --END-- [ RunTime:0.000318s ]
SQL: SHOW COLUMNS FROM `cv_loanbill` [ RunTime:0.001360s ]
SQL: SHOW COLUMNS FROM `cv_loanorder` [ RunTime:0.000426s ]
SQL: SELECT * FROM `cv_loanbill` WHERE ( `repayment_time` < 1727176858 ) AND ( `status` IN ('0','1') ) AND ( `overdue_settime` < 1727090458 )  [ RunTime:0.000538s ]
SQL: SELECT * FROM `cv_loanbill` WHERE ( `repayment_time` < 1727436058 ) AND ( `status` = 0 ) AND ( `overdue_smsstatus` = 0 )  [ RunTime:0.000209s ]

[ 2024-09-24T19:21:02+08:00 ] 136.158.58.101 /Index/settarget
INFO: [ route_check ] --START--
INFO: CheckRoute Behavior ::run [ RunTime:0.000408s ]
INFO: [ route_check ] --END-- [ RunTime:0.000465s ]
INFO: [ app_begin ] --START--
INFO: ReadHtmlCache Behavior ::run [ RunTime:0.000259s ]
INFO: [ app_begin ] --END-- [ RunTime:0.000290s ]
SQL: SHOW COLUMNS FROM `cv_loanbill` [ RunTime:0.000663s ]
SQL: SHOW COLUMNS FROM `cv_loanorder` [ RunTime:0.000485s ]
SQL: SELECT * FROM `cv_loanbill` WHERE ( `repayment_time` < 1727176862 ) AND ( `status` IN ('0','1') ) AND ( `overdue_settime` < 1727090462 )  [ RunTime:0.000288s ]
SQL: SELECT * FROM `cv_loanbill` WHERE ( `repayment_time` < 1727436062 ) AND ( `status` = 0 ) AND ( `overdue_smsstatus` = 0 )  [ RunTime:0.000202s ]

[ 2024-09-24T19:21:02+08:00 ] 136.158.58.101 /Repay/loans
INFO: [ route_check ] --START--
INFO: CheckRoute Behavior ::run [ RunTime:0.000497s ]
INFO: [ route_check ] --END-- [ RunTime:0.000559s ]
INFO: [ app_begin ] --START--
INFO: ReadHtmlCache Behavior ::run [ RunTime:0.000737s ]
INFO: [ app_begin ] --END-- [ RunTime:0.000772s ]
SQL: SHOW COLUMNS FROM `cv_loanbill` [ RunTime:0.000548s ]
SQL: SHOW COLUMNS FROM `cv_loanorder` [ RunTime:0.000440s ]
SQL: SELECT * FROM `cv_loanbill` WHERE ( `repayment_time` < 1727176862 ) AND ( `status` IN ('0','1') ) AND ( `overdue_settime` < 1727090462 )  [ RunTime:0.000316s ]
SQL: SELECT * FROM `cv_loanbill` WHERE ( `repayment_time` < 1727436062 ) AND ( `status` = 0 ) AND ( `overdue_smsstatus` = 0 )  [ RunTime:0.000186s ]
SQL: SHOW COLUMNS FROM `cv_user` [ RunTime:0.000525s ]
SQL: SHOW COLUMNS FROM `cv_user` [ RunTime:0.000246s ]
SQL: SELECT * FROM `cv_user` WHERE ( `id` = 213 ) LIMIT 1   [ RunTime:0.000260s ]
SQL: SELECT * FROM `cv_user` WHERE ( `id` = 213 ) LIMIT 1   [ RunTime:0.000120s ]
SQL: SELECT `status`,`id`,`toid`,`oid`,`delay`,`delay_day`,`repay_interest`,`repayment_time`,`add_time`,`money` FROM `cv_loanbill` WHERE ( `uid` = 213 ) AND ( `status` IN ('0','1','4','5','6','-4') ) ORDER BY repayment_time DESC LIMIT 1   [ RunTime:0.000469s ]
SQL: SELECT * FROM `cv_loanorder` WHERE ( `id` = 225 ) AND ( `uid` = 213 ) LIMIT 1   [ RunTime:0.000316s ]

[ 2024-09-24T19:21:02+08:00 ] 136.158.58.101 /Index/settarget
INFO: [ route_check ] --START--
INFO: CheckRoute Behavior ::run [ RunTime:0.000379s ]
INFO: [ route_check ] --END-- [ RunTime:0.000421s ]
INFO: [ app_begin ] --START--
INFO: ReadHtmlCache Behavior ::run [ RunTime:0.000256s ]
INFO: [ app_begin ] --END-- [ RunTime:0.000285s ]
SQL: SHOW COLUMNS FROM `cv_loanbill` [ RunTime:0.000474s ]
SQL: SHOW COLUMNS FROM `cv_loanorder` [ RunTime:0.000369s ]
SQL: SELECT * FROM `cv_loanbill` WHERE ( `repayment_time` < 1727176862 ) AND ( `status` IN ('0','1') ) AND ( `overdue_settime` < 1727090462 )  [ RunTime:0.000199s ]
SQL: SELECT * FROM `cv_loanbill` WHERE ( `repayment_time` < 1727436062 ) AND ( `status` = 0 ) AND ( `overdue_smsstatus` = 0 )  [ RunTime:0.000154s ]

[ 2024-09-24T19:21:02+08:00 ] 136.158.58.101 /Repay/orders
INFO: [ route_check ] --START--
INFO: CheckRoute Behavior ::run [ RunTime:0.000373s ]
INFO: [ route_check ] --END-- [ RunTime:0.000418s ]
INFO: [ app_begin ] --START--
INFO: ReadHtmlCache Behavior ::run [ RunTime:0.000257s ]
INFO: [ app_begin ] --END-- [ RunTime:0.000283s ]
SQL: SHOW COLUMNS FROM `cv_loanbill` [ RunTime:0.000496s ]
SQL: SHOW COLUMNS FROM `cv_loanorder` [ RunTime:0.000405s ]
SQL: SELECT * FROM `cv_loanbill` WHERE ( `repayment_time` < 1727176862 ) AND ( `status` IN ('0','1') ) AND ( `overdue_settime` < 1727090462 )  [ RunTime:0.000241s ]
SQL: SELECT * FROM `cv_loanbill` WHERE ( `repayment_time` < 1727436062 ) AND ( `status` = 0 ) AND ( `overdue_smsstatus` = 0 )  [ RunTime:0.000153s ]
SQL: SHOW COLUMNS FROM `cv_user` [ RunTime:0.000245s ]
SQL: SELECT * FROM `cv_user` WHERE ( `id` = 213 ) LIMIT 1   [ RunTime:0.000149s ]
SQL: SELECT * FROM `cv_loanorder` WHERE ( `uid` = 213 ) AND ( `pending` IN ('1') ) ORDER BY start_time desc,add_time desc LIMIT 0,100   [ RunTime:0.000651s ]

[ 2024-09-24T19:28:35+08:00 ] 136.158.58.101 /Index/languages
INFO: [ route_check ] --START--
INFO: CheckRoute Behavior ::run [ RunTime:0.000463s ]
INFO: [ route_check ] --END-- [ RunTime:0.000562s ]
INFO: [ app_begin ] --START--
INFO: ReadHtmlCache Behavior ::run [ RunTime:0.000272s ]
INFO: [ app_begin ] --END-- [ RunTime:0.000323s ]
SQL: SHOW COLUMNS FROM `cv_loanbill` [ RunTime:0.001472s ]
SQL: SHOW COLUMNS FROM `cv_loanorder` [ RunTime:0.000408s ]
SQL: SELECT * FROM `cv_loanbill` WHERE ( `repayment_time` < 1727177315 ) AND ( `status` IN ('0','1') ) AND ( `overdue_settime` < 1727090915 )  [ RunTime:0.000496s ]
SQL: SELECT * FROM `cv_loanbill` WHERE ( `repayment_time` < 1727436515 ) AND ( `status` = 0 ) AND ( `overdue_smsstatus` = 0 )  [ RunTime:0.000181s ]

[ 2024-09-24T19:28:38+08:00 ] 136.158.58.101 /Index/settarget
INFO: [ route_check ] --START--
INFO: CheckRoute Behavior ::run [ RunTime:0.000555s ]
INFO: [ route_check ] --END-- [ RunTime:0.000622s ]
INFO: [ app_begin ] --START--
INFO: ReadHtmlCache Behavior ::run [ RunTime:0.000351s ]
INFO: [ app_begin ] --END-- [ RunTime:0.000406s ]
SQL: SHOW COLUMNS FROM `cv_loanbill` [ RunTime:0.000882s ]
SQL: SHOW COLUMNS FROM `cv_loanorder` [ RunTime:0.000629s ]
SQL: SELECT * FROM `cv_loanbill` WHERE ( `repayment_time` < 1727177318 ) AND ( `status` IN ('0','1') ) AND ( `overdue_settime` < 1727090918 )  [ RunTime:0.000367s ]
SQL: SELECT * FROM `cv_loanbill` WHERE ( `repayment_time` < 1727436518 ) AND ( `status` = 0 ) AND ( `overdue_smsstatus` = 0 )  [ RunTime:0.000253s ]

[ 2024-09-24T19:28:38+08:00 ] 136.158.58.101 /Repay/loans
INFO: [ route_check ] --START--
INFO: CheckRoute Behavior ::run [ RunTime:0.000590s ]
INFO: [ route_check ] --END-- [ RunTime:0.000665s ]
INFO: [ app_begin ] --START--
INFO: ReadHtmlCache Behavior ::run [ RunTime:0.000387s ]
INFO: [ app_begin ] --END-- [ RunTime:0.000435s ]
SQL: SHOW COLUMNS FROM `cv_loanbill` [ RunTime:0.000688s ]
SQL: SHOW COLUMNS FROM `cv_loanorder` [ RunTime:0.000561s ]
SQL: SELECT * FROM `cv_loanbill` WHERE ( `repayment_time` < 1727177318 ) AND ( `status` IN ('0','1') ) AND ( `overdue_settime` < 1727090918 )  [ RunTime:0.000347s ]
SQL: SELECT * FROM `cv_loanbill` WHERE ( `repayment_time` < 1727436518 ) AND ( `status` = 0 ) AND ( `overdue_smsstatus` = 0 )  [ RunTime:0.000242s ]
SQL: SHOW COLUMNS FROM `cv_user` [ RunTime:0.000392s ]
SQL: SHOW COLUMNS FROM `cv_user` [ RunTime:0.000332s ]
SQL: SELECT * FROM `cv_user` WHERE ( `id` = 213 ) LIMIT 1   [ RunTime:0.000298s ]
SQL: SELECT * FROM `cv_user` WHERE ( `id` = 213 ) LIMIT 1   [ RunTime:0.000175s ]
SQL: SELECT `status`,`id`,`toid`,`oid`,`delay`,`delay_day`,`repay_interest`,`repayment_time`,`add_time`,`money` FROM `cv_loanbill` WHERE ( `uid` = 213 ) AND ( `status` IN ('0','1','4','5','6','-4') ) ORDER BY repayment_time DESC LIMIT 1   [ RunTime:0.000528s ]
SQL: SELECT * FROM `cv_loanorder` WHERE ( `id` = 225 ) AND ( `uid` = 213 ) LIMIT 1   [ RunTime:0.000314s ]

[ 2024-09-24T19:28:38+08:00 ] 136.158.58.101 /Index/settarget
INFO: [ route_check ] --START--
INFO: CheckRoute Behavior ::run [ RunTime:0.000564s ]
INFO: [ route_check ] --END-- [ RunTime:0.000637s ]
INFO: [ app_begin ] --START--
INFO: ReadHtmlCache Behavior ::run [ RunTime:0.000383s ]
INFO: [ app_begin ] --END-- [ RunTime:0.000435s ]
SQL: SHOW COLUMNS FROM `cv_loanbill` [ RunTime:0.000498s ]
SQL: SHOW COLUMNS FROM `cv_loanorder` [ RunTime:0.000423s ]
SQL: SELECT * FROM `cv_loanbill` WHERE ( `repayment_time` < 1727177318 ) AND ( `status` IN ('0','1') ) AND ( `overdue_settime` < 1727090918 )  [ RunTime:0.000245s ]
SQL: SELECT * FROM `cv_loanbill` WHERE ( `repayment_time` < 1727436518 ) AND ( `status` = 0 ) AND ( `overdue_smsstatus` = 0 )  [ RunTime:0.000214s ]

[ 2024-09-24T19:28:38+08:00 ] 136.158.58.101 /Repay/orders
INFO: [ route_check ] --START--
INFO: CheckRoute Behavior ::run [ RunTime:0.000523s ]
INFO: [ route_check ] --END-- [ RunTime:0.000587s ]
INFO: [ app_begin ] --START--
INFO: ReadHtmlCache Behavior ::run [ RunTime:0.000351s ]
INFO: [ app_begin ] --END-- [ RunTime:0.000399s ]
SQL: SHOW COLUMNS FROM `cv_loanbill` [ RunTime:0.000532s ]
SQL: SHOW COLUMNS FROM `cv_loanorder` [ RunTime:0.000418s ]
SQL: SELECT * FROM `cv_loanbill` WHERE ( `repayment_time` < 1727177318 ) AND ( `status` IN ('0','1') ) AND ( `overdue_settime` < 1727090918 )  [ RunTime:0.000261s ]
SQL: SELECT * FROM `cv_loanbill` WHERE ( `repayment_time` < 1727436518 ) AND ( `status` = 0 ) AND ( `overdue_smsstatus` = 0 )  [ RunTime:0.000246s ]
SQL: SHOW COLUMNS FROM `cv_user` [ RunTime:0.000287s ]
SQL: SELECT * FROM `cv_user` WHERE ( `id` = 213 ) LIMIT 1   [ RunTime:0.000203s ]
SQL: SELECT * FROM `cv_loanorder` WHERE ( `uid` = 213 ) AND ( `pending` IN ('1') ) ORDER BY start_time desc,add_time desc LIMIT 0,100   [ RunTime:0.000390s ]

[ 2024-09-24T19:28:46+08:00 ] 136.158.58.101 /Repay/orders
INFO: [ route_check ] --START--
INFO: CheckRoute Behavior ::run [ RunTime:0.000390s ]
INFO: [ route_check ] --END-- [ RunTime:0.000460s ]
INFO: [ app_begin ] --START--
INFO: ReadHtmlCache Behavior ::run [ RunTime:0.000284s ]
INFO: [ app_begin ] --END-- [ RunTime:0.000317s ]
SQL: SHOW COLUMNS FROM `cv_loanbill` [ RunTime:0.000653s ]
SQL: SHOW COLUMNS FROM `cv_loanorder` [ RunTime:0.000409s ]
SQL: SELECT * FROM `cv_loanbill` WHERE ( `repayment_time` < 1727177326 ) AND ( `status` IN ('0','1') ) AND ( `overdue_settime` < 1727090926 )  [ RunTime:0.000245s ]
SQL: SELECT * FROM `cv_loanbill` WHERE ( `repayment_time` < 1727436526 ) AND ( `status` = 0 ) AND ( `overdue_smsstatus` = 0 )  [ RunTime:0.000164s ]
SQL: SHOW COLUMNS FROM `cv_user` [ RunTime:0.000262s ]
SQL: SELECT * FROM `cv_user` WHERE ( `id` = 213 ) LIMIT 1   [ RunTime:0.000133s ]
SQL: SELECT * FROM `cv_loanorder` WHERE ( `uid` = 213 ) AND ( `pending` IN ('1') ) ORDER BY start_time desc,add_time desc LIMIT 100,100   [ RunTime:0.000311s ]
NOTIC: [2] Invalid argument supplied for foreach() /www/wwwroot/yindu_xjd/App/Lib/Action/Wchat/RepayAction.class.php 第 786 行.

[ 2024-09-24T19:28:47+08:00 ] 136.158.58.101 /Repay/orders
INFO: [ route_check ] --START--
INFO: CheckRoute Behavior ::run [ RunTime:0.000421s ]
INFO: [ route_check ] --END-- [ RunTime:0.000489s ]
INFO: [ app_begin ] --START--
INFO: ReadHtmlCache Behavior ::run [ RunTime:0.000261s ]
INFO: [ app_begin ] --END-- [ RunTime:0.000293s ]
SQL: SHOW COLUMNS FROM `cv_loanbill` [ RunTime:0.000976s ]
SQL: SHOW COLUMNS FROM `cv_loanorder` [ RunTime:0.000431s ]
SQL: SELECT * FROM `cv_loanbill` WHERE ( `repayment_time` < 1727177327 ) AND ( `status` IN ('0','1') ) AND ( `overdue_settime` < 1727090927 )  [ RunTime:0.000332s ]
SQL: SELECT * FROM `cv_loanbill` WHERE ( `repayment_time` < 1727436527 ) AND ( `status` = 0 ) AND ( `overdue_smsstatus` = 0 )  [ RunTime:0.000217s ]
SQL: SHOW COLUMNS FROM `cv_user` [ RunTime:0.000312s ]
SQL: SELECT * FROM `cv_user` WHERE ( `id` = 213 ) LIMIT 1   [ RunTime:0.000185s ]
SQL: SELECT * FROM `cv_loanorder` WHERE ( `uid` = 213 ) AND ( `pending` IN ('1') ) ORDER BY start_time desc,add_time desc LIMIT 0,100   [ RunTime:0.000378s ]

[ 2024-09-24T19:29:35+08:00 ] 136.158.58.101 /Repay/orders
INFO: [ route_check ] --START--
INFO: CheckRoute Behavior ::run [ RunTime:0.000440s ]
INFO: [ route_check ] --END-- [ RunTime:0.000499s ]
INFO: [ app_begin ] --START--
INFO: ReadHtmlCache Behavior ::run [ RunTime:0.000281s ]
INFO: [ app_begin ] --END-- [ RunTime:0.000314s ]
SQL: SHOW COLUMNS FROM `cv_loanbill` [ RunTime:0.000722s ]
SQL: SHOW COLUMNS FROM `cv_loanorder` [ RunTime:0.000386s ]
SQL: SELECT * FROM `cv_loanbill` WHERE ( `repayment_time` < 1727177375 ) AND ( `status` IN ('0','1') ) AND ( `overdue_settime` < 1727090975 )  [ RunTime:0.000389s ]
SQL: SELECT * FROM `cv_loanbill` WHERE ( `repayment_time` < 1727436575 ) AND ( `status` = 0 ) AND ( `overdue_smsstatus` = 0 )  [ RunTime:0.000159s ]
SQL: SHOW COLUMNS FROM `cv_user` [ RunTime:0.000260s ]
SQL: SELECT * FROM `cv_user` WHERE ( `id` = 213 ) LIMIT 1   [ RunTime:0.000160s ]
SQL: SELECT * FROM `cv_loanorder` WHERE ( `uid` = 213 ) AND ( `pending` IN ('1') ) ORDER BY start_time desc,add_time desc LIMIT 100,100   [ RunTime:0.000284s ]
NOTIC: [2] Invalid argument supplied for foreach() /www/wwwroot/yindu_xjd/App/Lib/Action/Wchat/RepayAction.class.php 第 786 行.

[ 2024-09-24T19:29:51+08:00 ] 136.158.58.101 /Index/languages
INFO: [ route_check ] --START--
INFO: CheckRoute Behavior ::run [ RunTime:0.000376s ]
INFO: [ route_check ] --END-- [ RunTime:0.000442s ]
INFO: [ app_begin ] --START--
INFO: ReadHtmlCache Behavior ::run [ RunTime:0.000254s ]
INFO: [ app_begin ] --END-- [ RunTime:0.000284s ]
SQL: SHOW COLUMNS FROM `cv_loanbill` [ RunTime:0.000557s ]
SQL: SHOW COLUMNS FROM `cv_loanorder` [ RunTime:0.000341s ]
SQL: SELECT * FROM `cv_loanbill` WHERE ( `repayment_time` < 1727177391 ) AND ( `status` IN ('0','1') ) AND ( `overdue_settime` < 1727090991 )  [ RunTime:0.000251s ]
SQL: SELECT * FROM `cv_loanbill` WHERE ( `repayment_time` < 1727436591 ) AND ( `status` = 0 ) AND ( `overdue_smsstatus` = 0 )  [ RunTime:0.000158s ]

[ 2024-09-24T19:29:54+08:00 ] 136.158.58.101 /Index/settarget
INFO: [ route_check ] --START--
INFO: CheckRoute Behavior ::run [ RunTime:0.000440s ]
INFO: [ route_check ] --END-- [ RunTime:0.000492s ]
INFO: [ app_begin ] --START--
INFO: ReadHtmlCache Behavior ::run [ RunTime:0.000263s ]
INFO: [ app_begin ] --END-- [ RunTime:0.000293s ]
SQL: SHOW COLUMNS FROM `cv_loanbill` [ RunTime:0.000637s ]
SQL: SHOW COLUMNS FROM `cv_loanorder` [ RunTime:0.000438s ]
SQL: SELECT * FROM `cv_loanbill` WHERE ( `repayment_time` < 1727177394 ) AND ( `status` IN ('0','1') ) AND ( `overdue_settime` < 1727090994 )  [ RunTime:0.000289s ]
SQL: SELECT * FROM `cv_loanbill` WHERE ( `repayment_time` < 1727436594 ) AND ( `status` = 0 ) AND ( `overdue_smsstatus` = 0 )  [ RunTime:0.000197s ]

[ 2024-09-24T19:29:54+08:00 ] 136.158.58.101 /Repay/loans
INFO: [ route_check ] --START--
INFO: CheckRoute Behavior ::run [ RunTime:0.000379s ]
INFO: [ route_check ] --END-- [ RunTime:0.000441s ]
INFO: [ app_begin ] --START--
INFO: ReadHtmlCache Behavior ::run [ RunTime:0.000261s ]
INFO: [ app_begin ] --END-- [ RunTime:0.000293s ]
SQL: SHOW COLUMNS FROM `cv_loanbill` [ RunTime:0.000540s ]
SQL: SHOW COLUMNS FROM `cv_loanorder` [ RunTime:0.000384s ]
SQL: SELECT * FROM `cv_loanbill` WHERE ( `repayment_time` < 1727177394 ) AND ( `status` IN ('0','1') ) AND ( `overdue_settime` < 1727090994 )  [ RunTime:0.000248s ]
SQL: SELECT * FROM `cv_loanbill` WHERE ( `repayment_time` < 1727436594 ) AND ( `status` = 0 ) AND ( `overdue_smsstatus` = 0 )  [ RunTime:0.000147s ]
SQL: SHOW COLUMNS FROM `cv_user` [ RunTime:0.000263s ]
SQL: SHOW COLUMNS FROM `cv_user` [ RunTime:0.000229s ]
SQL: SELECT * FROM `cv_user` WHERE ( `id` = 213 ) LIMIT 1   [ RunTime:0.000136s ]
SQL: SELECT * FROM `cv_user` WHERE ( `id` = 213 ) LIMIT 1   [ RunTime:0.000091s ]
SQL: SELECT `status`,`id`,`toid`,`oid`,`delay`,`delay_day`,`repay_interest`,`repayment_time`,`add_time`,`money` FROM `cv_loanbill` WHERE ( `uid` = 213 ) AND ( `status` IN ('0','1','4','5','6','-4') ) ORDER BY repayment_time DESC LIMIT 1   [ RunTime:0.000207s ]
SQL: SELECT * FROM `cv_loanorder` WHERE ( `id` = 225 ) AND ( `uid` = 213 ) LIMIT 1   [ RunTime:0.000168s ]

[ 2024-09-24T19:29:54+08:00 ] 136.158.58.101 /Index/settarget
INFO: [ route_check ] --START--
INFO: CheckRoute Behavior ::run [ RunTime:0.000369s ]
INFO: [ route_check ] --END-- [ RunTime:0.000410s ]
INFO: [ app_begin ] --START--
INFO: ReadHtmlCache Behavior ::run [ RunTime:0.000684s ]
INFO: [ app_begin ] --END-- [ RunTime:0.000719s ]
SQL: SHOW COLUMNS FROM `cv_loanbill` [ RunTime:0.000434s ]
SQL: SHOW COLUMNS FROM `cv_loanorder` [ RunTime:0.000324s ]
SQL: SELECT * FROM `cv_loanbill` WHERE ( `repayment_time` < 1727177394 ) AND ( `status` IN ('0','1') ) AND ( `overdue_settime` < 1727090994 )  [ RunTime:0.000186s ]
SQL: SELECT * FROM `cv_loanbill` WHERE ( `repayment_time` < 1727436594 ) AND ( `status` = 0 ) AND ( `overdue_smsstatus` = 0 )  [ RunTime:0.000136s ]

[ 2024-09-24T19:29:54+08:00 ] 136.158.58.101 /Repay/orders
INFO: [ route_check ] --START--
INFO: CheckRoute Behavior ::run [ RunTime:0.000356s ]
INFO: [ route_check ] --END-- [ RunTime:0.000408s ]
INFO: [ app_begin ] --START--
INFO: ReadHtmlCache Behavior ::run [ RunTime:0.000247s ]
INFO: [ app_begin ] --END-- [ RunTime:0.000276s ]
SQL: SHOW COLUMNS FROM `cv_loanbill` [ RunTime:0.000426s ]
SQL: SHOW COLUMNS FROM `cv_loanorder` [ RunTime:0.000311s ]
SQL: SELECT * FROM `cv_loanbill` WHERE ( `repayment_time` < 1727177394 ) AND ( `status` IN ('0','1') ) AND ( `overdue_settime` < 1727090994 )  [ RunTime:0.000219s ]
SQL: SELECT * FROM `cv_loanbill` WHERE ( `repayment_time` < 1727436594 ) AND ( `status` = 0 ) AND ( `overdue_smsstatus` = 0 )  [ RunTime:0.000151s ]
SQL: SHOW COLUMNS FROM `cv_user` [ RunTime:0.000219s ]
SQL: SELECT * FROM `cv_user` WHERE ( `id` = 213 ) LIMIT 1   [ RunTime:0.000133s ]
SQL: SELECT * FROM `cv_loanorder` WHERE ( `uid` = 213 ) AND ( `pending` IN ('1') ) ORDER BY start_time desc,add_time desc LIMIT 0,100   [ RunTime:0.000243s ]

[ 2024-09-24T19:30:02+08:00 ] 136.158.58.101 /Repay/orders
INFO: [ route_check ] --START--
INFO: CheckRoute Behavior ::run [ RunTime:0.000452s ]
INFO: [ route_check ] --END-- [ RunTime:0.000522s ]
INFO: [ app_begin ] --START--
INFO: ReadHtmlCache Behavior ::run [ RunTime:0.000286s ]
INFO: [ app_begin ] --END-- [ RunTime:0.000339s ]
SQL: SHOW COLUMNS FROM `cv_loanbill` [ RunTime:0.000600s ]
SQL: SHOW COLUMNS FROM `cv_loanorder` [ RunTime:0.000386s ]
SQL: SELECT * FROM `cv_loanbill` WHERE ( `repayment_time` < 1727177402 ) AND ( `status` IN ('0','1') ) AND ( `overdue_settime` < 1727091002 )  [ RunTime:0.000263s ]
SQL: SELECT * FROM `cv_loanbill` WHERE ( `repayment_time` < 1727436602 ) AND ( `status` = 0 ) AND ( `overdue_smsstatus` = 0 )  [ RunTime:0.000159s ]
SQL: SHOW COLUMNS FROM `cv_user` [ RunTime:0.000812s ]
SQL: SELECT * FROM `cv_user` WHERE ( `id` = 213 ) LIMIT 1   [ RunTime:0.000153s ]
SQL: SELECT * FROM `cv_loanorder` WHERE ( `uid` = 213 ) AND ( `pending` IN ('1') ) ORDER BY start_time desc,add_time desc LIMIT 100,100   [ RunTime:0.000262s ]
NOTIC: [2] Invalid argument supplied for foreach() /www/wwwroot/yindu_xjd/App/Lib/Action/Wchat/RepayAction.class.php 第 786 行.

[ 2024-09-24T19:30:14+08:00 ] 136.158.58.101 /Index/settarget
INFO: [ route_check ] --START--
INFO: CheckRoute Behavior ::run [ RunTime:0.000626s ]
INFO: [ route_check ] --END-- [ RunTime:0.000705s ]
INFO: [ app_begin ] --START--
INFO: ReadHtmlCache Behavior ::run [ RunTime:0.000483s ]
INFO: [ app_begin ] --END-- [ RunTime:0.000573s ]
SQL: SHOW COLUMNS FROM `cv_loanbill` [ RunTime:0.000627s ]
SQL: SHOW COLUMNS FROM `cv_loanorder` [ RunTime:0.000543s ]
SQL: SELECT * FROM `cv_loanbill` WHERE ( `repayment_time` < 1727177414 ) AND ( `status` IN ('0','1') ) AND ( `overdue_settime` < 1727091014 )  [ RunTime:0.000297s ]
SQL: SELECT * FROM `cv_loanbill` WHERE ( `repayment_time` < 1727436614 ) AND ( `status` = 0 ) AND ( `overdue_smsstatus` = 0 )  [ RunTime:0.000223s ]

[ 2024-09-24T19:30:14+08:00 ] 136.158.58.101 /Repay/orders
INFO: [ route_check ] --START--
INFO: CheckRoute Behavior ::run [ RunTime:0.000484s ]
INFO: [ route_check ] --END-- [ RunTime:0.000537s ]
INFO: [ app_begin ] --START--
INFO: ReadHtmlCache Behavior ::run [ RunTime:0.000339s ]
INFO: [ app_begin ] --END-- [ RunTime:0.000382s ]
SQL: SHOW COLUMNS FROM `cv_loanbill` [ RunTime:0.000594s ]
SQL: SHOW COLUMNS FROM `cv_loanorder` [ RunTime:0.000397s ]
SQL: SELECT * FROM `cv_loanbill` WHERE ( `repayment_time` < 1727177414 ) AND ( `status` IN ('0','1') ) AND ( `overdue_settime` < 1727091014 )  [ RunTime:0.000353s ]
SQL: SELECT * FROM `cv_loanbill` WHERE ( `repayment_time` < 1727436614 ) AND ( `status` = 0 ) AND ( `overdue_smsstatus` = 0 )  [ RunTime:0.000203s ]
SQL: SHOW COLUMNS FROM `cv_user` [ RunTime:0.000291s ]
SQL: SELECT * FROM `cv_user` WHERE ( `id` = 213 ) LIMIT 1   [ RunTime:0.000174s ]
SQL: SELECT * FROM `cv_loanorder` WHERE ( `uid` = 213 ) AND ( `pending` IN ('1') ) ORDER BY start_time desc,add_time desc LIMIT 0,100   [ RunTime:0.000357s ]

[ 2024-09-24T19:30:19+08:00 ] 136.158.58.101 /Index/settarget
INFO: [ route_check ] --START--
INFO: CheckRoute Behavior ::run [ RunTime:0.000458s ]
INFO: [ route_check ] --END-- [ RunTime:0.000526s ]
INFO: [ app_begin ] --START--
INFO: ReadHtmlCache Behavior ::run [ RunTime:0.000281s ]
INFO: [ app_begin ] --END-- [ RunTime:0.000327s ]
SQL: SHOW COLUMNS FROM `cv_loanbill` [ RunTime:0.000586s ]
SQL: SHOW COLUMNS FROM `cv_loanorder` [ RunTime:0.000425s ]
SQL: SELECT * FROM `cv_loanbill` WHERE ( `repayment_time` < 1727177419 ) AND ( `status` IN ('0','1') ) AND ( `overdue_settime` < 1727091019 )  [ RunTime:0.000264s ]
SQL: SELECT * FROM `cv_loanbill` WHERE ( `repayment_time` < 1727436619 ) AND ( `status` = 0 ) AND ( `overdue_smsstatus` = 0 )  [ RunTime:0.000161s ]

[ 2024-09-24T19:30:19+08:00 ] 136.158.58.101 /Repay/orders
INFO: [ route_check ] --START--
INFO: CheckRoute Behavior ::run [ RunTime:0.000394s ]
INFO: [ route_check ] --END-- [ RunTime:0.000459s ]
INFO: [ app_begin ] --START--
INFO: ReadHtmlCache Behavior ::run [ RunTime:0.000254s ]
INFO: [ app_begin ] --END-- [ RunTime:0.000293s ]
SQL: SHOW COLUMNS FROM `cv_loanbill` [ RunTime:0.000417s ]
SQL: SHOW COLUMNS FROM `cv_loanorder` [ RunTime:0.000351s ]
SQL: SELECT * FROM `cv_loanbill` WHERE ( `repayment_time` < 1727177419 ) AND ( `status` IN ('0','1') ) AND ( `overdue_settime` < 1727091019 )  [ RunTime:0.000220s ]
SQL: SELECT * FROM `cv_loanbill` WHERE ( `repayment_time` < 1727436619 ) AND ( `status` = 0 ) AND ( `overdue_smsstatus` = 0 )  [ RunTime:0.000140s ]
SQL: SHOW COLUMNS FROM `cv_user` [ RunTime:0.000258s ]
SQL: SELECT * FROM `cv_user` WHERE ( `id` = 213 ) LIMIT 1   [ RunTime:0.000150s ]
SQL: SELECT * FROM `cv_loanorder` WHERE ( `uid` = 213 ) AND ( `pending` IN ('1') ) ORDER BY start_time desc,add_time desc LIMIT 0,100   [ RunTime:0.000284s ]

[ 2024-09-24T19:30:20+08:00 ] 136.158.58.101 /Index/contact
INFO: [ route_check ] --START--
INFO: CheckRoute Behavior ::run [ RunTime:0.000378s ]
INFO: [ route_check ] --END-- [ RunTime:0.000443s ]
INFO: [ app_begin ] --START--
INFO: ReadHtmlCache Behavior ::run [ RunTime:0.000273s ]
INFO: [ app_begin ] --END-- [ RunTime:0.000312s ]
SQL: SHOW COLUMNS FROM `cv_loanbill` [ RunTime:0.000545s ]
SQL: SHOW COLUMNS FROM `cv_loanorder` [ RunTime:0.000369s ]
SQL: SELECT * FROM `cv_loanbill` WHERE ( `repayment_time` < 1727177420 ) AND ( `status` IN ('0','1') ) AND ( `overdue_settime` < 1727091020 )  [ RunTime:0.000240s ]
SQL: SELECT * FROM `cv_loanbill` WHERE ( `repayment_time` < 1727436620 ) AND ( `status` = 0 ) AND ( `overdue_smsstatus` = 0 )  [ RunTime:0.000141s ]

[ 2024-09-24T19:46:15+08:00 ] 152.32.153.53 /
INFO: [ app_begin ] --START--
INFO: ReadHtmlCache Behavior ::run [ RunTime:0.000276s ]
INFO: [ app_begin ] --END-- [ RunTime:0.000368s ]
SQL: SHOW COLUMNS FROM `cv_loanbill` [ RunTime:0.001713s ]
SQL: SHOW COLUMNS FROM `cv_loanorder` [ RunTime:0.000438s ]
SQL: SELECT * FROM `cv_loanbill` WHERE ( `repayment_time` < 1727178375 ) AND ( `status` IN ('0','1') ) AND ( `overdue_settime` < 1727091975 )  [ RunTime:0.000496s ]
SQL: SELECT * FROM `cv_loanbill` WHERE ( `repayment_time` < 1727437575 ) AND ( `status` = 0 ) AND ( `overdue_smsstatus` = 0 )  [ RunTime:0.000172s ]

[ 2024-09-24T19:46:34+08:00 ] 152.32.153.53 /robots.txt
INFO: [ route_check ] --START--
INFO: CheckRoute Behavior ::run [ RunTime:0.000375s ]
INFO: [ route_check ] --END-- [ RunTime:0.000422s ]
INFO: [ app_begin ] --START--
INFO: ReadHtmlCache Behavior ::run [ RunTime:0.000251s ]
INFO: [ app_begin ] --END-- [ RunTime:0.000279s ]
NOTIC: [8] Undefined variable: group /www/wwwroot/yindu_xjd/Base/Lib/Core/App.class.php 第 102 行.
ERR: 无法加载模块:robots.txt

[ 2024-09-24T19:46:35+08:00 ] 152.32.153.53 /sitemap.xml
INFO: [ route_check ] --START--
INFO: CheckRoute Behavior ::run [ RunTime:0.000552s ]
INFO: [ route_check ] --END-- [ RunTime:0.000645s ]
INFO: [ app_begin ] --START--
INFO: ReadHtmlCache Behavior ::run [ RunTime:0.000384s ]
INFO: [ app_begin ] --END-- [ RunTime:0.000425s ]
NOTIC: [8] Undefined variable: group /www/wwwroot/yindu_xjd/Base/Lib/Core/App.class.php 第 102 行.
ERR: 无法加载模块:sitemap.xml

[ 2024-09-24T19:46:41+08:00 ] 152.32.153.53 /config.json
INFO: [ route_check ] --START--
INFO: CheckRoute Behavior ::run [ RunTime:0.000433s ]
INFO: [ route_check ] --END-- [ RunTime:0.000506s ]
INFO: [ app_begin ] --START--
INFO: ReadHtmlCache Behavior ::run [ RunTime:0.000253s ]
INFO: [ app_begin ] --END-- [ RunTime:0.000287s ]
NOTIC: [8] Undefined variable: group /www/wwwroot/yindu_xjd/Base/Lib/Core/App.class.php 第 102 行.
ERR: 无法加载模块:config.json

[ 2024-09-24T19:47:39+08:00 ] 178.128.84.187 /aaa9
INFO: [ route_check ] --START--
INFO: CheckRoute Behavior ::run [ RunTime:0.000441s ]
INFO: [ route_check ] --END-- [ RunTime:0.000517s ]
INFO: [ app_begin ] --START--
INFO: ReadHtmlCache Behavior ::run [ RunTime:0.000290s ]
INFO: [ app_begin ] --END-- [ RunTime:0.000329s ]
ERR: 无法加载模块:aaa9

[ 2024-09-24T19:47:44+08:00 ] 178.128.84.187 /aab8
INFO: [ route_check ] --START--
INFO: CheckRoute Behavior ::run [ RunTime:0.000429s ]
INFO: [ route_check ] --END-- [ RunTime:0.000490s ]
INFO: [ app_begin ] --START--
INFO: ReadHtmlCache Behavior ::run [ RunTime:0.000287s ]
INFO: [ app_begin ] --END-- [ RunTime:0.000322s ]
ERR: 无法加载模块:aab8

[ 2024-09-24T19:47:49+08:00 ] 178.128.84.187 /
INFO: [ app_begin ] --START--
INFO: ReadHtmlCache Behavior ::run [ RunTime:0.000272s ]
INFO: [ app_begin ] --END-- [ RunTime:0.000323s ]
SQL: SHOW COLUMNS FROM `cv_loanbill` [ RunTime:0.000623s ]
SQL: SHOW COLUMNS FROM `cv_loanorder` [ RunTime:0.000437s ]
SQL: SELECT * FROM `cv_loanbill` WHERE ( `repayment_time` < 1727178469 ) AND ( `status` IN ('0','1') ) AND ( `overdue_settime` < 1727092069 )  [ RunTime:0.000255s ]
SQL: SELECT * FROM `cv_loanbill` WHERE ( `repayment_time` < 1727437669 ) AND ( `status` = 0 ) AND ( `overdue_smsstatus` = 0 )  [ RunTime:0.000154s ]

[ 2024-09-24T20:23:19+08:00 ] 50.6.193.31 /
INFO: [ app_begin ] --START--
INFO: ReadHtmlCache Behavior ::run [ RunTime:0.000299s ]
INFO: [ app_begin ] --END-- [ RunTime:0.000393s ]
SQL: SHOW COLUMNS FROM `cv_loanbill` [ RunTime:0.001454s ]
SQL: SHOW COLUMNS FROM `cv_loanorder` [ RunTime:0.000425s ]
SQL: SELECT * FROM `cv_loanbill` WHERE ( `repayment_time` < 1727180599 ) AND ( `status` IN ('0','1') ) AND ( `overdue_settime` < 1727094199 )  [ RunTime:0.000508s ]
SQL: SELECT * FROM `cv_loanbill` WHERE ( `repayment_time` < 1727439799 ) AND ( `status` = 0 ) AND ( `overdue_smsstatus` = 0 )  [ RunTime:0.000196s ]

[ 2024-09-24T21:02:06+08:00 ] 195.178.110.38 /
INFO: [ app_begin ] --START--
INFO: ReadHtmlCache Behavior ::run [ RunTime:0.000278s ]
INFO: [ app_begin ] --END-- [ RunTime:0.000367s ]
SQL: SHOW COLUMNS FROM `cv_loanbill` [ RunTime:0.001515s ]
SQL: SHOW COLUMNS FROM `cv_loanorder` [ RunTime:0.000411s ]
SQL: SELECT * FROM `cv_loanbill` WHERE ( `repayment_time` < 1727182926 ) AND ( `status` IN ('0','1') ) AND ( `overdue_settime` < 1727096526 )  [ RunTime:0.000489s ]
SQL: SELECT * FROM `cv_loanbill` WHERE ( `repayment_time` < 1727442126 ) AND ( `status` = 0 ) AND ( `overdue_smsstatus` = 0 )  [ RunTime:0.000176s ]

[ 2024-09-24T21:02:07+08:00 ] 195.178.110.38 /
INFO: [ app_begin ] --START--
INFO: ReadHtmlCache Behavior ::run [ RunTime:0.000260s ]
INFO: [ app_begin ] --END-- [ RunTime:0.000319s ]
SQL: SHOW COLUMNS FROM `cv_loanbill` [ RunTime:0.000576s ]
SQL: SHOW COLUMNS FROM `cv_loanorder` [ RunTime:0.000366s ]
SQL: SELECT * FROM `cv_loanbill` WHERE ( `repayment_time` < 1727182927 ) AND ( `status` IN ('0','1') ) AND ( `overdue_settime` < 1727096527 )  [ RunTime:0.000239s ]
SQL: SELECT * FROM `cv_loanbill` WHERE ( `repayment_time` < 1727442127 ) AND ( `status` = 0 ) AND ( `overdue_smsstatus` = 0 )  [ RunTime:0.000138s ]

[ 2024-09-24T21:47:40+08:00 ] 94.232.45.228 /RDWeb/Pages/
INFO: [ route_check ] --START--
INFO: CheckRoute Behavior ::run [ RunTime:0.000433s ]
INFO: [ route_check ] --END-- [ RunTime:0.000532s ]
INFO: [ app_begin ] --START--
INFO: ReadHtmlCache Behavior ::run [ RunTime:0.000281s ]
INFO: [ app_begin ] --END-- [ RunTime:0.000313s ]
ERR: 无法加载模块:RDWeb

[ 2024-09-24T22:32:21+08:00 ] 87.236.176.227 /
INFO: [ app_begin ] --START--
INFO: ReadHtmlCache Behavior ::run [ RunTime:0.000314s ]
INFO: [ app_begin ] --END-- [ RunTime:0.000402s ]
SQL: SHOW COLUMNS FROM `cv_loanbill` [ RunTime:0.001454s ]
SQL: SHOW COLUMNS FROM `cv_loanorder` [ RunTime:0.000440s ]
SQL: SELECT * FROM `cv_loanbill` WHERE ( `repayment_time` < 1727188341 ) AND ( `status` IN ('0','1') ) AND ( `overdue_settime` < 1727101941 )  [ RunTime:0.000498s ]
SQL: SELECT * FROM `cv_loanorder` WHERE ( `id` = 222 ) LIMIT 1   [ RunTime:0.000290s ]
SQL: UPDATE `cv_loanbill` SET `status`=1,`overdue`='40000.00',`overdue_settime`=1727188341 WHERE ( `id` = 216 ) [ RunTime:0.001602s ]
SQL: SHOW COLUMNS FROM `cv_user` [ RunTime:0.000294s ]
SQL: SELECT * FROM `cv_user` WHERE ( `id` = 215 ) LIMIT 1   [ RunTime:0.000162s ]
SQL: SHOW COLUMNS FROM `cv_sms` [ RunTime:0.000271s ]
SQL: SELECT * FROM `cv_loanorder` WHERE ( `id` = 224 ) LIMIT 1   [ RunTime:0.000152s ]
SQL: UPDATE `cv_loanbill` SET `status`=1,`overdue`='40000.00',`overdue_settime`=1727188341 WHERE ( `id` = 217 ) [ RunTime:0.000706s ]
SQL: SELECT * FROM `cv_user` WHERE ( `id` = 214 ) LIMIT 1   [ RunTime:0.000105s ]
SQL: SELECT * FROM `cv_loanorder` WHERE ( `id` = 225 ) LIMIT 1   [ RunTime:0.001907s ]
SQL: UPDATE `cv_loanbill` SET `status`=1,`overdue`='40000.00',`overdue_settime`=1727188341 WHERE ( `id` = 218 ) [ RunTime:0.000826s ]
SQL: SELECT * FROM `cv_user` WHERE ( `id` = 213 ) LIMIT 1   [ RunTime:0.000129s ]
SQL: SELECT * FROM `cv_loanorder` WHERE ( `id` = 226 ) LIMIT 1   [ RunTime:0.000118s ]
SQL: UPDATE `cv_loanbill` SET `status`=1,`overdue`='30000.00',`overdue_settime`=1727188341 WHERE ( `id` = 219 ) [ RunTime:0.000593s ]
SQL: SELECT * FROM `cv_user` WHERE ( `id` = 212 ) LIMIT 1   [ RunTime:0.000106s ]
SQL: SELECT * FROM `cv_loanorder` WHERE ( `id` = 227 ) LIMIT 1   [ RunTime:0.000122s ]
SQL: UPDATE `cv_loanbill` SET `status`=1,`overdue`='30000.00',`overdue_settime`=1727188341 WHERE ( `id` = 220 ) [ RunTime:0.000595s ]
SQL: SELECT * FROM `cv_user` WHERE ( `id` = 212 ) LIMIT 1   [ RunTime:0.000101s ]
SQL: SELECT * FROM `cv_loanorder` WHERE ( `id` = 228 ) LIMIT 1   [ RunTime:0.000104s ]
SQL: UPDATE `cv_loanbill` SET `status`=1,`overdue`='30000.00',`overdue_settime`=1727188341 WHERE ( `id` = 221 ) [ RunTime:0.000595s ]
SQL: SELECT * FROM `cv_user` WHERE ( `id` = 212 ) LIMIT 1   [ RunTime:0.000101s ]
SQL: SELECT * FROM `cv_loanorder` WHERE ( `id` = 229 ) LIMIT 1   [ RunTime:0.000105s ]
SQL: UPDATE `cv_loanbill` SET `status`=1,`overdue`='30000.00',`overdue_settime`=1727188341 WHERE ( `id` = 222 ) [ RunTime:0.000556s ]
SQL: SELECT * FROM `cv_user` WHERE ( `id` = 212 ) LIMIT 1   [ RunTime:0.000097s ]
SQL: SELECT * FROM `cv_loanbill` WHERE ( `repayment_time` < 1727447541 ) AND ( `status` = 0 ) AND ( `overdue_smsstatus` = 0 )  [ RunTime:0.000124s ]

[ 2024-09-24T22:54:38+08:00 ] 83.97.73.245 /?XDEBUG_SESSION_START=phpstorm
INFO: [ app_begin ] --START--
INFO: ReadHtmlCache Behavior ::run [ RunTime:0.000291s ]
INFO: [ app_begin ] --END-- [ RunTime:0.000372s ]
SQL: SHOW COLUMNS FROM `cv_loanbill` [ RunTime:0.001355s ]
SQL: SHOW COLUMNS FROM `cv_loanorder` [ RunTime:0.000424s ]
SQL: SELECT * FROM `cv_loanbill` WHERE ( `repayment_time` < 1727189678 ) AND ( `status` IN ('0','1') ) AND ( `overdue_settime` < 1727103278 )  [ RunTime:0.000517s ]
SQL: SELECT * FROM `cv_loanbill` WHERE ( `repayment_time` < 1727448878 ) AND ( `status` = 0 ) AND ( `overdue_smsstatus` = 0 )  [ RunTime:0.000240s ]

[ 2024-09-24T23:29:01+08:00 ] 165.154.138.85 /
INFO: [ app_begin ] --START--
INFO: ReadHtmlCache Behavior ::run [ RunTime:0.000297s ]
INFO: [ app_begin ] --END-- [ RunTime:0.000387s ]
SQL: SHOW COLUMNS FROM `cv_loanbill` [ RunTime:0.001676s ]
SQL: SHOW COLUMNS FROM `cv_loanorder` [ RunTime:0.000416s ]
SQL: SELECT * FROM `cv_loanbill` WHERE ( `repayment_time` < 1727191741 ) AND ( `status` IN ('0','1') ) AND ( `overdue_settime` < 1727105341 )  [ RunTime:0.000565s ]
SQL: SELECT * FROM `cv_loanbill` WHERE ( `repayment_time` < 1727450941 ) AND ( `status` = 0 ) AND ( `overdue_smsstatus` = 0 )  [ RunTime:0.000198s ]

[ 2024-09-24T23:29:20+08:00 ] 165.154.138.85 /robots.txt
INFO: [ route_check ] --START--
INFO: CheckRoute Behavior ::run [ RunTime:0.000388s ]
INFO: [ route_check ] --END-- [ RunTime:0.000438s ]
INFO: [ app_begin ] --START--
INFO: ReadHtmlCache Behavior ::run [ RunTime:0.000259s ]
INFO: [ app_begin ] --END-- [ RunTime:0.000293s ]
NOTIC: [8] Undefined variable: group /www/wwwroot/yindu_xjd/Base/Lib/Core/App.class.php 第 102 行.
ERR: 无法加载模块:robots.txt

[ 2024-09-24T23:29:21+08:00 ] 165.154.138.85 /sitemap.xml
INFO: [ route_check ] --START--
INFO: CheckRoute Behavior ::run [ RunTime:0.000470s ]
INFO: [ route_check ] --END-- [ RunTime:0.000538s ]
INFO: [ app_begin ] --START--
INFO: ReadHtmlCache Behavior ::run [ RunTime:0.000293s ]
INFO: [ app_begin ] --END-- [ RunTime:0.000325s ]
NOTIC: [8] Undefined variable: group /www/wwwroot/yindu_xjd/Base/Lib/Core/App.class.php 第 102 行.
ERR: 无法加载模块:sitemap.xml

[ 2024-09-24T23:29:24+08:00 ] 165.154.138.85 /config.json
INFO: [ route_check ] --START--
INFO: CheckRoute Behavior ::run [ RunTime:0.000462s ]
INFO: [ route_check ] --END-- [ RunTime:0.000526s ]
INFO: [ app_begin ] --START--
INFO: ReadHtmlCache Behavior ::run [ RunTime:0.000356s ]
INFO: [ app_begin ] --END-- [ RunTime:0.000410s ]
NOTIC: [8] Undefined variable: group /www/wwwroot/yindu_xjd/Base/Lib/Core/App.class.php 第 102 行.
ERR: 无法加载模块:config.json

[ 2024-09-24T23:42:13+08:00 ] 162.216.150.141 /
INFO: [ app_begin ] --START--
INFO: ReadHtmlCache Behavior ::run [ RunTime:0.000373s ]
INFO: [ app_begin ] --END-- [ RunTime:0.000479s ]
SQL: SHOW COLUMNS FROM `cv_loanbill` [ RunTime:0.001380s ]
SQL: SHOW COLUMNS FROM `cv_loanorder` [ RunTime:0.000429s ]
SQL: SELECT * FROM `cv_loanbill` WHERE ( `repayment_time` < 1727192533 ) AND ( `status` IN ('0','1') ) AND ( `overdue_settime` < 1727106133 )  [ RunTime:0.000479s ]
SQL: SELECT * FROM `cv_loanbill` WHERE ( `repayment_time` < 1727451733 ) AND ( `status` = 0 ) AND ( `overdue_smsstatus` = 0 )  [ RunTime:0.000188s ]

[ 2024-09-24T23:57:15+08:00 ] 141.98.152.36 /
INFO: [ app_begin ] --START--
INFO: ReadHtmlCache Behavior ::run [ RunTime:0.000349s ]
INFO: [ app_begin ] --END-- [ RunTime:0.000439s ]
SQL: SHOW COLUMNS FROM `cv_loanbill` [ RunTime:0.001499s ]
SQL: SHOW COLUMNS FROM `cv_loanorder` [ RunTime:0.000394s ]
SQL: SELECT * FROM `cv_loanbill` WHERE ( `repayment_time` < 1727193435 ) AND ( `status` IN ('0','1') ) AND ( `overdue_settime` < 1727107035 )  [ RunTime:0.000540s ]
SQL: SELECT * FROM `cv_loanbill` WHERE ( `repayment_time` < 1727452635 ) AND ( `status` = 0 ) AND ( `overdue_smsstatus` = 0 )  [ RunTime:0.000213s ]

